Log file open, 01/17/22 07:12:27
LogWindows: Failed to load 'aqProf.dll' (GetLastError=126)
LogWindows: File 'aqProf.dll' does not exist
LogWindows: Failed to load 'VtuneApi.dll' (GetLastError=126)
LogWindows: File 'VtuneApi.dll' does not exist
LogWindows: Failed to load 'VtuneApi32e.dll' (GetLastError=126)
LogWindows: File 'VtuneApi32e.dll' does not exist
LogConsoleResponse: Display: Failed to find resolution value strings in scalability ini. Falling back to default.
LogConsoleResponse: Display: Failed to find resolution value strings in scalability ini. Falling back to default.
LogInit: Display: Running engine for game: IDV
LogPlatformFile: Not using cached read wrapper
LogTaskGraph: Started task graph with 5 named threads and 35 total threads with 3 sets of task threads.
LogStats: Stats thread started at 0.233642
LogICUInternationalization: ICU TimeZone Detection - Raw Offset: +1:00, Platform Override: ''
LogInit: Display: Loading text-based GConfig....
LogPluginManager: Mounting plugin MeshPainting
LogPluginManager: Mounting plugin XGEController
LogPluginManager: Mounting plugin Paper2D
LogPluginManager: Mounting plugin LiveLink
LogPluginManager: Mounting plugin AISupport
LogPluginManager: Mounting plugin OodleData
LogPluginManager: Mounting plugin EnvironmentQueryEditor
LogPluginManager: Mounting plugin AssetManagerEditor
LogPluginManager: Mounting plugin AutomationUtils
LogPluginManager: Mounting plugin AlembicImporter
LogPluginManager: Mounting plugin AnimationSharing
LogPluginManager: Mounting plugin DataprepEditor
LogPluginManager: Mounting plugin BackChannel
LogPluginManager: Mounting plugin DatasmithContent
LogPluginManager: Mounting plugin DatasmithImporter
LogPluginManager: Mounting plugin Niagara
LogPluginManager: Mounting plugin CLionSourceCodeAccess
LogPluginManager: Mounting plugin CodeLiteSourceCodeAccess
LogPluginManager: Mounting plugin BlastPlugin
LogPluginManager: Mounting plugin GitSourceControl
LogPluginManager: Mounting plugin OodleNetwork
LogPluginManager: Mounting plugin ChaosCloth
LogPluginManager: Mounting plugin StaticMeshEditorExtension
LogPluginManager: Mounting plugin VariantManager
LogPluginManager: Mounting plugin KDevelopSourceCodeAccess
LogPluginManager: Mounting plugin VariantManagerContent
LogPluginManager: Mounting plugin ChaosClothEditor
LogPluginManager: Mounting plugin CryptoKeys
LogPluginManager: Mounting plugin NullSourceCodeAccess
LogPluginManager: Mounting plugin ChaosEditor
LogPluginManager: Mounting plugin CurveEditorTools
LogPluginManager: Mounting plugin DataValidation
LogPluginManager: Mounting plugin EditorScriptingUtilities
LogPluginManager: Mounting plugin ChaosNiagara
LogPluginManager: Mounting plugin FacialAnimation
LogPluginManager: Mounting plugin PixWinPlugin
LogPluginManager: Mounting plugin GameplayTagsEditor
LogPluginManager: Mounting plugin PerforceSourceControl
LogPluginManager: Mounting plugin ChaosSolverPlugin
LogPluginManager: Mounting plugin PlasticSourceControl
LogPluginManager: Mounting plugin GeometryMode
LogPluginManager: Mounting plugin PropertyAccessNode
LogPluginManager: Mounting plugin PluginUtils
LogPluginManager: Mounting plugin MacGraphicsSwitching
LogPluginManager: Mounting plugin MaterialAnalyzer
LogPluginManager: Mounting plugin RiderSourceCodeAccess
LogPluginManager: Mounting plugin MeshEditor
LogPluginManager: Mounting plugin SubversionSourceControl
LogPluginManager: Mounting plugin MobileLauncherProfileWizard
LogPluginManager: Mounting plugin PluginBrowser
LogPluginManager: Mounting plugin SpeedTreeImporter
LogPluginManager: Mounting plugin CharacterAI
LogPluginManager: Mounting plugin TextureFormatOodle
LogPluginManager: Mounting plugin UObjectPlugin
LogPluginManager: Mounting plugin VisualStudioCodeSourceCodeAccess
LogPluginManager: Mounting plugin VisualStudioSourceCodeAccess
LogPluginManager: Mounting plugin XCodeSourceCodeAccess
LogPluginManager: Mounting plugin GeometryCache
LogPluginManager: Mounting plugin GeometryCollectionPlugin
LogPluginManager: Mounting plugin GeometryProcessing
LogPluginManager: Mounting plugin MotoSynth
LogPluginManager: Mounting plugin OpenImageDenoise
LogPluginManager: Mounting plugin PlanarCut
LogPluginManager: Mounting plugin PlatformCrypto
LogPluginManager: Mounting plugin ProxyLODPlugin
LogPluginManager: Mounting plugin PythonScriptPlugin
LogPluginManager: Mounting plugin CameraShakePreviewer
LogPluginManager: Mounting plugin SkeletalReduction
LogPluginManager: Mounting plugin GameplayCameras
LogPluginManager: Mounting plugin LuminPlatformFeatures
LogPluginManager: Mounting plugin MagicLeap
LogPluginManager: Mounting plugin MagicLeapLightEstimation
LogPluginManager: Mounting plugin MagicLeapMedia
LogPluginManager: Mounting plugin MagicLeapPassableWorld
LogPluginManager: Mounting plugin MLSDK
LogPluginManager: Mounting plugin AndroidMedia
LogPluginManager: Mounting plugin AvfMedia
LogPluginManager: Mounting plugin TcpMessaging
LogPluginManager: Mounting plugin UdpMessaging
LogPluginManager: Mounting plugin ActorSequence
LogPluginManager: Mounting plugin LevelSequenceEditor
LogPluginManager: Mounting plugin MatineeToLevelSequence
LogPluginManager: Mounting plugin ImgMedia
LogPluginManager: Mounting plugin MediaCompositing
LogPluginManager: Mounting plugin MediaPlayerEditor
LogPluginManager: Mounting plugin TemplateSequence
LogPluginManager: Mounting plugin WebMMedia
LogPluginManager: Mounting plugin WmfMedia
LogPluginManager: Mounting plugin OnlineSubsystem
LogPluginManager: Mounting plugin OnlineSubsystemNull
LogPluginManager: Mounting plugin LauncherChunkInstaller
LogPluginManager: Mounting plugin OnlineSubsystemUtils
LogPluginManager: Mounting plugin ActorLayerUtilities
LogPluginManager: Mounting plugin AndroidMoviePlayer
LogPluginManager: Mounting plugin AndroidDeviceProfileSelector
LogPluginManager: Mounting plugin AndroidPermission
LogPluginManager: Mounting plugin AppleImageUtils
LogPluginManager: Mounting plugin AppleMoviePlayer
LogPluginManager: Mounting plugin ArchVisCharacter
LogPluginManager: Mounting plugin AssetTags
LogPluginManager: Mounting plugin AudioCapture
LogPluginManager: Mounting plugin AudioSynesthesia
LogPluginManager: Mounting plugin CableComponent
LogPluginManager: Mounting plugin ChunkDownloader
LogPluginManager: Mounting plugin CustomMeshComponent
LogPluginManager: Mounting plugin EditableMesh
LogPluginManager: Mounting plugin ExampleDeviceProfileSelector
LogPluginManager: Mounting plugin GoogleCloudMessaging
LogPluginManager: Mounting plugin ScreenshotTools
LogPluginManager: Mounting plugin GooglePAD
LogPluginManager: Mounting plugin Takes
LogPluginManager: Mounting plugin IOSDeviceProfileSelector
LogPluginManager: Mounting plugin LinuxDeviceProfileSelector
LogPluginManager: Mounting plugin LocationServicesBPLibrary
LogPluginManager: Mounting plugin MobilePatchingUtils
LogPluginManager: Mounting plugin OpenXREyeTracker
LogPluginManager: Mounting plugin OpenXR
LogPluginManager: Mounting plugin OpenXRHandTracking
LogPluginManager: Mounting plugin ProceduralMeshComponent
LogPluginManager: Mounting plugin PhysXVehicles
LogPluginManager: Mounting plugin PostSplashScreen
LogPluginManager: Mounting plugin PropertyAccessEditor
LogPluginManager: Mounting plugin RuntimePhysXCooking
LogPluginManager: Mounting plugin SignificanceManager
LogPluginManager: Mounting plugin SoundFields
LogPluginManager: Mounting plugin Synthesis
LogPluginManager: Mounting plugin WebMMoviePlayer
LogPluginManager: Mounting plugin WindowsMoviePlayer
LogPluginManager: Mounting plugin LightPropagationVolume
LogPluginManager: Mounting plugin ContentBrowserAssetDataSource
LogPluginManager: Mounting plugin ContentBrowserClassDataSource
LogPluginManager: Mounting plugin ContentBrowserFileDataSource
LogPluginManager: Mounting plugin OnlineSubsystemGooglePlay
LogPluginManager: Mounting plugin OnlineSubsystemIOS
LogPluginManager: Mounting plugin OculusVR
LogPluginManager: Mounting plugin SteamVR
PixWinPlugin: PIX capture plugin failed to initialize! Check that the process is launched from PIX.
LogInit: Using libcurl 7.55.1-DEV
LogInit:  - built for x86_64-pc-win32
LogInit:  - supports SSL with OpenSSL/1.1.1
LogInit:  - supports HTTP deflate (compression) using libz 1.2.8
LogInit:  - other features:
LogInit:      CURL_VERSION_SSL
LogInit:      CURL_VERSION_LIBZ
LogInit:      CURL_VERSION_IPV6
LogInit:      CURL_VERSION_ASYNCHDNS
LogInit:      CURL_VERSION_LARGEFILE
LogInit:      CURL_VERSION_IDN
LogInit:  CurlRequestOptions (configurable via config and command line):
LogInit:  - bVerifyPeer = true  - Libcurl will verify peer certificate
LogInit:  - bUseHttpProxy = false  - Libcurl will NOT use HTTP proxy
LogInit:  - bDontReuseConnections = false  - Libcurl will reuse connections
LogInit:  - MaxHostConnections = 16  - Libcurl will limit the number of connections to a host
LogInit:  - LocalHostAddr = Default
LogInit:  - BufferSize = 65536
LogOnline: OSS: Creating online subsystem instance for: NULL
LogInit: WinSock: version 1.1 (2.2), MaxSocks=32767, MaxUdp=65467
LogOnline: OSS: TryLoadSubsystemAndSetDefault: Loaded subsystem for module [NULL]
LogOculusPluginWrapper: OculusPlugin initialized successfully
LogHMD: Failed initializing OVRPlugin 1.59.0
LogInit: Build: ++UE4+Release-4.27-CL-18319896
LogInit: Engine Version: 4.27.2-18319896+++UE4+Release-4.27
LogInit: Compatible Engine Version: 4.27.0-17155196+++UE4+Release-4.27
LogInit: Net CL: 17155196
LogInit: OS: Windows 10 (Release 2009) (), CPU: AMD Ryzen 5 3600 6-Core Processor              , GPU: NVIDIA GeForce GTX 1650
LogInit: Compiled (64-bit): Nov 30 2021 07:12:08
LogInit: Compiled with Visual C++: 19.24.28315.00
LogInit: Build Configuration: Development
LogInit: Branch Name: ++UE4+Release-4.27
LogInit: Command Line: 
LogInit: Base Directory: C:/Program Files/Epic Games/UE_4.27/Engine/Binaries/Win64/
LogInit: Allocator: TBB
LogInit: Installed Engine Build: 1
LogDevObjectVersion: Number of dev versions registered: 29
LogDevObjectVersion:   Dev-Blueprints (B0D832E4-1F89-4F0D-ACCF-7EB736FD4AA2): 10
LogDevObjectVersion:   Dev-Build (E1C64328-A22C-4D53-A36C-8E866417BD8C): 0
LogDevObjectVersion:   Dev-Core (375EC13C-06E4-48FB-B500-84F0262A717E): 4
LogDevObjectVersion:   Dev-Editor (E4B068ED-F494-42E9-A231-DA0B2E46BB41): 40
LogDevObjectVersion:   Dev-Framework (CFFC743F-43B0-4480-9391-14DF171D2073): 37
LogDevObjectVersion:   Dev-Mobile (B02B49B5-BB20-44E9-A304-32B752E40360): 3
LogDevObjectVersion:   Dev-Networking (A4E4105C-59A1-49B5-A7C5-40C4547EDFEE): 0
LogDevObjectVersion:   Dev-Online (39C831C9-5AE6-47DC-9A44-9C173E1C8E7C): 0
LogDevObjectVersion:   Dev-Physics (78F01B33-EBEA-4F98-B9B4-84EACCB95AA2): 14
LogDevObjectVersion:   Dev-Platform (6631380F-2D4D-43E0-8009-CF276956A95A): 0
LogDevObjectVersion:   Dev-Rendering (12F88B9F-8875-4AFC-A67C-D90C383ABD29): 45
LogDevObjectVersion:   Dev-Sequencer (7B5AE74C-D270-4C10-A958-57980B212A5A): 13
LogDevObjectVersion:   Dev-VR (D7296918-1DD6-4BDD-9DE2-64A83CC13884): 3
LogDevObjectVersion:   Dev-LoadTimes (C2A15278-BFE7-4AFE-6C17-90FF531DF755): 1
LogDevObjectVersion:   Private-Geometry (6EACA3D4-40EC-4CC1-B786-8BED09428FC5): 3
LogDevObjectVersion:   Dev-AnimPhys (29E575DD-E0A3-4627-9D10-D276232CDCEA): 17
LogDevObjectVersion:   Dev-Anim (AF43A65D-7FD3-4947-9873-3E8ED9C1BB05): 15
LogDevObjectVersion:   Dev-ReflectionCapture (6B266CEC-1EC7-4B8F-A30B-E4D90942FC07): 1
LogDevObjectVersion:   Dev-Automation (0DF73D61-A23F-47EA-B727-89E90C41499A): 1
LogDevObjectVersion:   FortniteMain (601D1886-AC64-4F84-AA16-D3DE0DEAC7D6): 47
LogDevObjectVersion:   FortniteRelease (E7086368-6B23-4C58-8439-1B7016265E91): 1
LogDevObjectVersion:   Dev-Enterprise (9DFFBCD6-494F-0158-E221-12823C92A888): 10
LogDevObjectVersion:   Dev-Niagara (F2AED0AC-9AFE-416F-8664-AA7FFA26D6FC): 1
LogDevObjectVersion:   Dev-Destruction (174F1F0B-B4C6-45A5-B13F-2EE8D0FB917D): 10
LogDevObjectVersion:   Dev-Physics-Ext (35F94A83-E258-406C-A318-09F59610247C): 41
LogDevObjectVersion:   Dev-PhysicsMaterial-Chaos (B68FC16E-8B1B-42E2-B453-215C058844FE): 1
LogDevObjectVersion:   Dev-CineCamera (B2E18506-4273-CFC2-A54E-F4BB758BBA07): 1
LogDevObjectVersion:   Dev-VirtualProduction (64F58936-FD1B-42BA-BA96-7289D5D0FA4E): 1
LogDevObjectVersion:   Dev-MediaFramework (6F0ED827-A609-4895-9C91-998D90180EA4): 2
LogInit: Presizing for max 25165824 objects, including 0 objects not considered by GC, pre-allocating 0 bytes for permanent pool.
LogConfig: Applying CVar settings from Section [/Script/Engine.StreamingSettings] File [C:/Users/edson/Documents/Unreal Projects/IDV/Saved/Config/Windows/Engine.ini]
LogConfig: Setting CVar [[s.MinBulkDataSizeForAsyncLoading:131072]]
LogConfig: Setting CVar [[s.AsyncLoadingThreadEnabled:0]]
LogConfig: Setting CVar [[s.EventDrivenLoaderEnabled:1]]
LogConfig: Setting CVar [[s.WarnIfTimeLimitExceeded:0]]
LogConfig: Setting CVar [[s.TimeLimitExceededMultiplier:1.5]]
LogConfig: Setting CVar [[s.TimeLimitExceededMinTime:0.005]]
LogConfig: Setting CVar [[s.UseBackgroundLevelStreaming:1]]
LogConfig: Setting CVar [[s.PriorityAsyncLoadingExtraTime:15.0]]
LogConfig: Setting CVar [[s.LevelStreamingActorsUpdateTimeLimit:5.0]]
LogConfig: Setting CVar [[s.PriorityLevelStreamingActorsUpdateExtraTime:5.0]]
LogConfig: Setting CVar [[s.LevelStreamingComponentsRegistrationGranularity:10]]
LogConfig: Setting CVar [[s.UnregisterComponentsTimeLimit:1.0]]
LogConfig: Setting CVar [[s.LevelStreamingComponentsUnregistrationGranularity:5]]
LogConfig: Setting CVar [[s.FlushStreamingOnExit:1]]
LogInit: Object subsystem initialized
LogConfig: Setting CVar [[con.DebugEarlyDefault:1]]
LogConfig: Setting CVar [[r.setres:1280x720]]
[2022.01.17-06.12.27:664][  0]LogConfig: Setting CVar [[r.VSync:0]]
[2022.01.17-06.12.27:664][  0]LogConfig: Setting CVar [[r.RHICmdBypass:0]]
[2022.01.17-06.12.27:664][  0]LogConfig: Applying CVar settings from Section [/Script/Engine.RendererSettings] File [C:/Users/edson/Documents/Unreal Projects/IDV/Saved/Config/Windows/Engine.ini]
[2022.01.17-06.12.27:664][  0]LogConfig: Setting CVar [[r.GPUCrashDebugging:0]]
[2022.01.17-06.12.27:664][  0]LogConfig: Applying CVar settings from Section [/Script/Engine.RendererOverrideSettings] File [C:/Users/edson/Documents/Unreal Projects/IDV/Saved/Config/Windows/Engine.ini]
[2022.01.17-06.12.27:664][  0]LogConfig: Applying CVar settings from Section [/Script/Engine.StreamingSettings] File [C:/Users/edson/Documents/Unreal Projects/IDV/Saved/Config/Windows/Engine.ini]
[2022.01.17-06.12.27:665][  0]LogConfig: Setting CVar [[s.MinBulkDataSizeForAsyncLoading:131072]]
[2022.01.17-06.12.27:665][  0]LogConfig: Setting CVar [[s.AsyncLoadingThreadEnabled:0]]
[2022.01.17-06.12.27:665][  0]LogConfig: Setting CVar [[s.EventDrivenLoaderEnabled:1]]
[2022.01.17-06.12.27:665][  0]LogConfig: Setting CVar [[s.WarnIfTimeLimitExceeded:0]]
[2022.01.17-06.12.27:665][  0]LogConfig: Setting CVar [[s.TimeLimitExceededMultiplier:1.5]]
[2022.01.17-06.12.27:665][  0]LogConfig: Setting CVar [[s.TimeLimitExceededMinTime:0.005]]
[2022.01.17-06.12.27:665][  0]LogConfig: Setting CVar [[s.UseBackgroundLevelStreaming:1]]
[2022.01.17-06.12.27:665][  0]LogConfig: Setting CVar [[s.PriorityAsyncLoadingExtraTime:15.0]]
[2022.01.17-06.12.27:665][  0]LogConfig: Setting CVar [[s.LevelStreamingActorsUpdateTimeLimit:5.0]]
[2022.01.17-06.12.27:665][  0]LogConfig: Setting CVar [[s.PriorityLevelStreamingActorsUpdateExtraTime:5.0]]
[2022.01.17-06.12.27:665][  0]LogConfig: Setting CVar [[s.LevelStreamingComponentsRegistrationGranularity:10]]
[2022.01.17-06.12.27:665][  0]LogConfig: Setting CVar [[s.UnregisterComponentsTimeLimit:1.0]]
[2022.01.17-06.12.27:665][  0]LogConfig: Setting CVar [[s.LevelStreamingComponentsUnregistrationGranularity:5]]
[2022.01.17-06.12.27:665][  0]LogConfig: Setting CVar [[s.FlushStreamingOnExit:1]]
[2022.01.17-06.12.27:665][  0]LogConfig: Applying CVar settings from Section [/Script/Engine.GarbageCollectionSettings] File [C:/Users/edson/Documents/Unreal Projects/IDV/Saved/Config/Windows/Engine.ini]
[2022.01.17-06.12.27:665][  0]LogConfig: Setting CVar [[gc.MaxObjectsNotConsideredByGC:1]]
[2022.01.17-06.12.27:665][  0]LogConfig: Setting CVar [[gc.SizeOfPermanentObjectPool:0]]
[2022.01.17-06.12.27:665][  0]LogConfig: Setting CVar [[gc.FlushStreamingOnGC:0]]
[2022.01.17-06.12.27:665][  0]LogConfig: Setting CVar [[gc.NumRetriesBeforeForcingGC:10]]
[2022.01.17-06.12.27:665][  0]LogConfig: Setting CVar [[gc.AllowParallelGC:1]]
[2022.01.17-06.12.27:665][  0]LogConfig: Setting CVar [[gc.TimeBetweenPurgingPendingKillObjects:61.1]]
[2022.01.17-06.12.27:665][  0]LogConfig: Setting CVar [[gc.MaxObjectsInEditor:25165824]]
[2022.01.17-06.12.27:665][  0]LogConfig: Setting CVar [[gc.IncrementalBeginDestroyEnabled:1]]
[2022.01.17-06.12.27:665][  0]LogConfig: Setting CVar [[gc.CreateGCClusters:1]]
[2022.01.17-06.12.27:665][  0]LogConfig: Setting CVar [[gc.MinGCClusterSize:5]]
[2022.01.17-06.12.27:665][  0]LogConfig: Setting CVar [[gc.ActorClusteringEnabled:0]]
[2022.01.17-06.12.27:665][  0]LogConfig: Setting CVar [[gc.BlueprintClusteringEnabled:0]]
[2022.01.17-06.12.27:665][  0]LogConfig: Setting CVar [[gc.UseDisregardForGCOnDedicatedServers:0]]
[2022.01.17-06.12.27:665][  0]LogConfig: Setting CVar [[gc.MultithreadedDestructionEnabled:1]]
[2022.01.17-06.12.27:665][  0]LogConfig: Applying CVar settings from Section [/Script/Engine.NetworkSettings] File [C:/Users/edson/Documents/Unreal Projects/IDV/Saved/Config/Windows/Engine.ini]
[2022.01.17-06.12.27:665][  0]LogConfig: Applying CVar settings from Section [/Script/UnrealEd.CookerSettings] File [C:/Users/edson/Documents/Unreal Projects/IDV/Saved/Config/Windows/Engine.ini]
[2022.01.17-06.12.27:691][  0]LogConfig: Applying CVar settings from Section [ViewDistanceQuality@3] File [C:/Users/edson/Documents/Unreal Projects/IDV/Saved/Config/Windows/Scalability.ini]
[2022.01.17-06.12.27:691][  0]LogConfig: Setting CVar [[r.SkeletalMeshLODBias:0]]
[2022.01.17-06.12.27:691][  0]LogConfig: Setting CVar [[r.ViewDistanceScale:1.0]]
[2022.01.17-06.12.27:691][  0]LogConfig: Applying CVar settings from Section [AntiAliasingQuality@3] File [C:/Users/edson/Documents/Unreal Projects/IDV/Saved/Config/Windows/Scalability.ini]
[2022.01.17-06.12.27:691][  0]LogConfig: Setting CVar [[r.PostProcessAAQuality:4]]
[2022.01.17-06.12.27:691][  0]LogConfig: Applying CVar settings from Section [ShadowQuality@3] File [C:/Users/edson/Documents/Unreal Projects/IDV/Saved/Config/Windows/Scalability.ini]
[2022.01.17-06.12.27:691][  0]LogConfig: Setting CVar [[r.LightFunctionQuality:1]]
[2022.01.17-06.12.27:691][  0]LogConfig: Setting CVar [[r.ShadowQuality:5]]
[2022.01.17-06.12.27:691][  0]LogConfig: Setting CVar [[r.Shadow.CSM.MaxCascades:10]]
[2022.01.17-06.12.27:691][  0]LogConfig: Setting CVar [[r.Shadow.MaxResolution:2048]]
[2022.01.17-06.12.27:691][  0]LogConfig: Setting CVar [[r.Shadow.MaxCSMResolution:2048]]
[2022.01.17-06.12.27:691][  0]LogConfig: Setting CVar [[r.Shadow.RadiusThreshold:0.01]]
[2022.01.17-06.12.27:691][  0]LogConfig: Setting CVar [[r.Shadow.DistanceScale:1.0]]
[2022.01.17-06.12.27:691][  0]LogConfig: Setting CVar [[r.Shadow.CSM.TransitionScale:1.0]]
[2022.01.17-06.12.27:691][  0]LogConfig: Setting CVar [[r.Shadow.PreShadowResolutionFactor:1.0]]
[2022.01.17-06.12.27:691][  0]LogConfig: Setting CVar [[r.DistanceFieldShadowing:1]]
[2022.01.17-06.12.27:691][  0]LogConfig: Setting CVar [[r.DistanceFieldAO:1]]
[2022.01.17-06.12.27:691][  0]LogConfig: Setting CVar [[r.AOQuality:2]]
[2022.01.17-06.12.27:691][  0]LogConfig: Setting CVar [[r.VolumetricFog:1]]
[2022.01.17-06.12.27:691][  0]LogConfig: Setting CVar [[r.VolumetricFog.GridPixelSize:8]]
[2022.01.17-06.12.27:691][  0]LogConfig: Setting CVar [[r.VolumetricFog.GridSizeZ:128]]
[2022.01.17-06.12.27:691][  0]LogConfig: Setting CVar [[r.VolumetricFog.HistoryMissSupersampleCount:4]]
[2022.01.17-06.12.27:691][  0]LogConfig: Setting CVar [[r.LightMaxDrawDistanceScale:1]]
[2022.01.17-06.12.27:691][  0]LogConfig: Setting CVar [[r.CapsuleShadows:1]]
[2022.01.17-06.12.27:691][  0]LogConfig: Applying CVar settings from Section [PostProcessQuality@3] File [C:/Users/edson/Documents/Unreal Projects/IDV/Saved/Config/Windows/Scalability.ini]
[2022.01.17-06.12.27:691][  0]LogConfig: Setting CVar [[r.MotionBlurQuality:4]]
[2022.01.17-06.12.27:691][  0]LogConfig: Setting CVar [[r.AmbientOcclusionMipLevelFactor:0.4]]
[2022.01.17-06.12.27:691][  0]LogConfig: Setting CVar [[r.AmbientOcclusionMaxQuality:100]]
[2022.01.17-06.12.27:691][  0]LogConfig: Setting CVar [[r.AmbientOcclusionLevels:-1]]
[2022.01.17-06.12.27:691][  0]LogConfig: Setting CVar [[r.AmbientOcclusionRadiusScale:1.0]]
[2022.01.17-06.12.27:691][  0]LogConfig: Setting CVar [[r.DepthOfFieldQuality:2]]
[2022.01.17-06.12.27:691][  0]LogConfig: Setting CVar [[r.RenderTargetPoolMin:400]]
[2022.01.17-06.12.27:691][  0]LogConfig: Setting CVar [[r.LensFlareQuality:2]]
[2022.01.17-06.12.27:691][  0]LogConfig: Setting CVar [[r.SceneColorFringeQuality:1]]
[2022.01.17-06.12.27:691][  0]LogConfig: Setting CVar [[r.EyeAdaptationQuality:2]]
[2022.01.17-06.12.27:691][  0]LogConfig: Setting CVar [[r.BloomQuality:5]]
[2022.01.17-06.12.27:691][  0]LogConfig: Setting CVar [[r.FastBlurThreshold:100]]
[2022.01.17-06.12.27:691][  0]LogConfig: Setting CVar [[r.Upscale.Quality:3]]
[2022.01.17-06.12.27:691][  0]LogConfig: Setting CVar [[r.Tonemapper.GrainQuantization:1]]
[2022.01.17-06.12.27:691][  0]LogConfig: Setting CVar [[r.LightShaftQuality:1]]
[2022.01.17-06.12.27:691][  0]LogConfig: Setting CVar [[r.Filter.SizeScale:1]]
[2022.01.17-06.12.27:691][  0]LogConfig: Setting CVar [[r.Tonemapper.Quality:5]]
[2022.01.17-06.12.27:691][  0]LogConfig: Setting CVar [[r.DOF.Gather.AccumulatorQuality:1        ; higher gathering accumulator quality]]
[2022.01.17-06.12.27:691][  0]LogConfig: Setting CVar [[r.DOF.Gather.PostfilterMethod:1          ; Median3x3 postfilering method]]
[2022.01.17-06.12.27:691][  0]LogConfig: Setting CVar [[r.DOF.Gather.EnableBokehSettings:0       ; no bokeh simulation when gathering]]
[2022.01.17-06.12.27:691][  0]LogConfig: Setting CVar [[r.DOF.Gather.RingCount:4                 ; medium number of samples when gathering]]
[2022.01.17-06.12.27:692][  0]LogConfig: Setting CVar [[r.DOF.Scatter.ForegroundCompositing:1    ; additive foreground scattering]]
[2022.01.17-06.12.27:692][  0]LogConfig: Setting CVar [[r.DOF.Scatter.BackgroundCompositing:2    ; additive background scattering]]
[2022.01.17-06.12.27:692][  0]LogConfig: Setting CVar [[r.DOF.Scatter.EnableBokehSettings:1      ; bokeh simulation when scattering]]
[2022.01.17-06.12.27:692][  0]LogConfig: Setting CVar [[r.DOF.Scatter.MaxSpriteRatio:0.1         ; only a maximum of 10% of scattered bokeh]]
[2022.01.17-06.12.27:692][  0]LogConfig: Setting CVar [[r.DOF.Recombine.Quality:1                ; cheap slight out of focus]]
[2022.01.17-06.12.27:692][  0]LogConfig: Setting CVar [[r.DOF.Recombine.EnableBokehSettings:0    ; no bokeh simulation on slight out of focus]]
[2022.01.17-06.12.27:692][  0]LogConfig: Setting CVar [[r.DOF.TemporalAAQuality:1                ; more stable temporal accumulation]]
[2022.01.17-06.12.27:692][  0]LogConfig: Setting CVar [[r.DOF.Kernel.MaxForegroundRadius:0.025]]
[2022.01.17-06.12.27:692][  0]LogConfig: Setting CVar [[r.DOF.Kernel.MaxBackgroundRadius:0.025]]
[2022.01.17-06.12.27:692][  0]LogConfig: Applying CVar settings from Section [TextureQuality@3] File [C:/Users/edson/Documents/Unreal Projects/IDV/Saved/Config/Windows/Scalability.ini]
[2022.01.17-06.12.27:692][  0]LogConfig: Setting CVar [[r.Streaming.MipBias:0]]
[2022.01.17-06.12.27:692][  0]LogConfig: Setting CVar [[r.Streaming.AmortizeCPUToGPUCopy:0]]
[2022.01.17-06.12.27:692][  0]LogConfig: Setting CVar [[r.Streaming.MaxNumTexturesToStreamPerFrame:0]]
[2022.01.17-06.12.27:692][  0]LogConfig: Setting CVar [[r.Streaming.Boost:1]]
[2022.01.17-06.12.27:692][  0]LogConfig: Setting CVar [[r.MaxAnisotropy:8]]
[2022.01.17-06.12.27:692][  0]LogConfig: Setting CVar [[r.VT.MaxAnisotropy:8]]
[2022.01.17-06.12.27:692][  0]LogConfig: Setting CVar [[r.Streaming.LimitPoolSizeToVRAM:0]]
[2022.01.17-06.12.27:692][  0]LogConfig: Setting CVar [[r.Streaming.PoolSize:1000]]
[2022.01.17-06.12.27:692][  0]LogConfig: Setting CVar [[r.Streaming.MaxEffectiveScreenSize:0]]
[2022.01.17-06.12.27:692][  0]LogConfig: Applying CVar settings from Section [EffectsQuality@3] File [C:/Users/edson/Documents/Unreal Projects/IDV/Saved/Config/Windows/Scalability.ini]
[2022.01.17-06.12.27:692][  0]LogConfig: Setting CVar [[r.TranslucencyLightingVolumeDim:64]]
[2022.01.17-06.12.27:692][  0]LogConfig: Setting CVar [[r.RefractionQuality:2]]
[2022.01.17-06.12.27:692][  0]LogConfig: Setting CVar [[r.SSR.Quality:3]]
[2022.01.17-06.12.27:692][  0]LogConfig: Setting CVar [[r.SSR.HalfResSceneColor:0]]
[2022.01.17-06.12.27:692][  0]LogConfig: Setting CVar [[r.SceneColorFormat:4]]
[2022.01.17-06.12.27:692][  0]LogConfig: Setting CVar [[r.DetailMode:2]]
[2022.01.17-06.12.27:692][  0]LogConfig: Setting CVar [[r.TranslucencyVolumeBlur:1]]
[2022.01.17-06.12.27:692][  0]LogConfig: Setting CVar [[r.MaterialQualityLevel:1 ; High quality]]
[2022.01.17-06.12.27:692][  0]LogConfig: Setting CVar [[r.AnisotropicMaterials:1]]
[2022.01.17-06.12.27:692][  0]LogConfig: Setting CVar [[r.SSS.Scale:1]]
[2022.01.17-06.12.27:692][  0]LogConfig: Setting CVar [[r.SSS.SampleSet:2]]
[2022.01.17-06.12.27:692][  0]LogConfig: Setting CVar [[r.SSS.Quality:1]]
[2022.01.17-06.12.27:692][  0]LogConfig: Setting CVar [[r.SSS.HalfRes:0]]
[2022.01.17-06.12.27:692][  0]LogConfig: Setting CVar [[r.SSGI.Quality:3]]
[2022.01.17-06.12.27:692][  0]LogConfig: Setting CVar [[r.EmitterSpawnRateScale:1.0]]
[2022.01.17-06.12.27:692][  0]LogConfig: Setting CVar [[r.ParticleLightQuality:2]]
[2022.01.17-06.12.27:692][  0]LogConfig: Setting CVar [[r.SkyAtmosphere.AerialPerspectiveLUT.FastApplyOnOpaque:1 ; Always have FastSkyLUT 1 in this case to avoid wrong sky]]
[2022.01.17-06.12.27:692][  0]LogConfig: Setting CVar [[r.SkyAtmosphere.AerialPerspectiveLUT.SampleCountMaxPerSlice:4]]
[2022.01.17-06.12.27:692][  0]LogConfig: Setting CVar [[r.SkyAtmosphere.AerialPerspectiveLUT.DepthResolution:16.0]]
[2022.01.17-06.12.27:692][  0]LogConfig: Setting CVar [[r.SkyAtmosphere.FastSkyLUT:1]]
[2022.01.17-06.12.27:692][  0]LogConfig: Setting CVar [[r.SkyAtmosphere.FastSkyLUT.SampleCountMin:4.0]]
[2022.01.17-06.12.27:692][  0]LogConfig: Setting CVar [[r.SkyAtmosphere.FastSkyLUT.SampleCountMax:128.0]]
[2022.01.17-06.12.27:692][  0]LogConfig: Setting CVar [[r.SkyAtmosphere.SampleCountMin:4.0]]
[2022.01.17-06.12.27:692][  0]LogConfig: Setting CVar [[r.SkyAtmosphere.SampleCountMax:128.0]]
[2022.01.17-06.12.27:692][  0]LogConfig: Setting CVar [[r.SkyAtmosphere.TransmittanceLUT.UseSmallFormat:0]]
[2022.01.17-06.12.27:692][  0]LogConfig: Setting CVar [[r.SkyAtmosphere.TransmittanceLUT.SampleCount:10.0]]
[2022.01.17-06.12.27:692][  0]LogConfig: Setting CVar [[r.SkyAtmosphere.MultiScatteringLUT.SampleCount:15.0]]
[2022.01.17-06.12.27:692][  0]LogConfig: Setting CVar [[r.SkyLight.RealTimeReflectionCapture:1]]
[2022.01.17-06.12.27:692][  0]LogConfig: Applying CVar settings from Section [FoliageQuality@3] File [C:/Users/edson/Documents/Unreal Projects/IDV/Saved/Config/Windows/Scalability.ini]
[2022.01.17-06.12.27:692][  0]LogConfig: Setting CVar [[foliage.DensityScale:1.0]]
[2022.01.17-06.12.27:692][  0]LogConfig: Setting CVar [[grass.DensityScale:1.0]]
[2022.01.17-06.12.27:692][  0]LogConfig: Applying CVar settings from Section [ShadingQuality@3] File [C:/Users/edson/Documents/Unreal Projects/IDV/Saved/Config/Windows/Scalability.ini]
[2022.01.17-06.12.27:692][  0]LogConfig: Setting CVar [[r.HairStrands.SkyLighting.IntegrationType:2]]
[2022.01.17-06.12.27:692][  0]LogConfig: Setting CVar [[r.HairStrands.SkyAO.SampleCount:4]]
[2022.01.17-06.12.27:692][  0]LogConfig: Setting CVar [[r.HairStrands.Visibility.MSAA.SamplePerPixel:4]]
[2022.01.17-06.12.27:692][  0]LogInit: Selected Device Profile: [Windows]
[2022.01.17-06.12.27:692][  0]LogInit: Applying CVar settings loaded from the selected device profile: [Windows]
[2022.01.17-06.12.27:692][  0]LogHAL: Display: Platform has ~ 32 GB [34274275328 / 34359738368 / 32], which maps to Largest [LargestMinGB=32, LargerMinGB=12, DefaultMinGB=8, SmallerMinGB=6, SmallestMinGB=0)
[2022.01.17-06.12.27:692][  0]LogInit: Going up to parent DeviceProfile []
[2022.01.17-06.12.27:692][  0]LogConfig: Applying CVar settings from Section [ViewDistanceQuality@3] File [C:/Users/edson/Documents/Unreal Projects/IDV/Saved/Config/Windows/Scalability.ini]
[2022.01.17-06.12.27:692][  0]LogConfig: Setting CVar [[r.SkeletalMeshLODBias:0]]
[2022.01.17-06.12.27:692][  0]LogConfig: Setting CVar [[r.ViewDistanceScale:1.0]]
[2022.01.17-06.12.27:692][  0]LogConfig: Applying CVar settings from Section [AntiAliasingQuality@3] File [C:/Users/edson/Documents/Unreal Projects/IDV/Saved/Config/Windows/Scalability.ini]
[2022.01.17-06.12.27:692][  0]LogConfig: Setting CVar [[r.PostProcessAAQuality:4]]
[2022.01.17-06.12.27:692][  0]LogConfig: Applying CVar settings from Section [ShadowQuality@3] File [C:/Users/edson/Documents/Unreal Projects/IDV/Saved/Config/Windows/Scalability.ini]
[2022.01.17-06.12.27:692][  0]LogConfig: Setting CVar [[r.LightFunctionQuality:1]]
[2022.01.17-06.12.27:692][  0]LogConfig: Setting CVar [[r.ShadowQuality:5]]
[2022.01.17-06.12.27:692][  0]LogConfig: Setting CVar [[r.Shadow.CSM.MaxCascades:10]]
[2022.01.17-06.12.27:692][  0]LogConfig: Setting CVar [[r.Shadow.MaxResolution:2048]]
[2022.01.17-06.12.27:692][  0]LogConfig: Setting CVar [[r.Shadow.MaxCSMResolution:2048]]
[2022.01.17-06.12.27:692][  0]LogConfig: Setting CVar [[r.Shadow.RadiusThreshold:0.01]]
[2022.01.17-06.12.27:692][  0]LogConfig: Setting CVar [[r.Shadow.DistanceScale:1.0]]
[2022.01.17-06.12.27:692][  0]LogConfig: Setting CVar [[r.Shadow.CSM.TransitionScale:1.0]]
[2022.01.17-06.12.27:692][  0]LogConfig: Setting CVar [[r.Shadow.PreShadowResolutionFactor:1.0]]
[2022.01.17-06.12.27:692][  0]LogConfig: Setting CVar [[r.DistanceFieldShadowing:1]]
[2022.01.17-06.12.27:692][  0]LogConfig: Setting CVar [[r.DistanceFieldAO:1]]
[2022.01.17-06.12.27:692][  0]LogConfig: Setting CVar [[r.AOQuality:2]]
[2022.01.17-06.12.27:692][  0]LogConfig: Setting CVar [[r.VolumetricFog:1]]
[2022.01.17-06.12.27:692][  0]LogConfig: Setting CVar [[r.VolumetricFog.GridPixelSize:8]]
[2022.01.17-06.12.27:692][  0]LogConfig: Setting CVar [[r.VolumetricFog.GridSizeZ:128]]
[2022.01.17-06.12.27:692][  0]LogConfig: Setting CVar [[r.VolumetricFog.HistoryMissSupersampleCount:4]]
[2022.01.17-06.12.27:692][  0]LogConfig: Setting CVar [[r.LightMaxDrawDistanceScale:1]]
[2022.01.17-06.12.27:692][  0]LogConfig: Setting CVar [[r.CapsuleShadows:1]]
[2022.01.17-06.12.27:692][  0]LogConfig: Applying CVar settings from Section [PostProcessQuality@3] File [C:/Users/edson/Documents/Unreal Projects/IDV/Saved/Config/Windows/Scalability.ini]
[2022.01.17-06.12.27:693][  0]LogConfig: Setting CVar [[r.MotionBlurQuality:4]]
[2022.01.17-06.12.27:693][  0]LogConfig: Setting CVar [[r.AmbientOcclusionMipLevelFactor:0.4]]
[2022.01.17-06.12.27:693][  0]LogConfig: Setting CVar [[r.AmbientOcclusionMaxQuality:100]]
[2022.01.17-06.12.27:693][  0]LogConfig: Setting CVar [[r.AmbientOcclusionLevels:-1]]
[2022.01.17-06.12.27:693][  0]LogConfig: Setting CVar [[r.AmbientOcclusionRadiusScale:1.0]]
[2022.01.17-06.12.27:693][  0]LogConfig: Setting CVar [[r.DepthOfFieldQuality:2]]
[2022.01.17-06.12.27:693][  0]LogConfig: Setting CVar [[r.RenderTargetPoolMin:400]]
[2022.01.17-06.12.27:693][  0]LogConfig: Setting CVar [[r.LensFlareQuality:2]]
[2022.01.17-06.12.27:693][  0]LogConfig: Setting CVar [[r.SceneColorFringeQuality:1]]
[2022.01.17-06.12.27:693][  0]LogConfig: Setting CVar [[r.EyeAdaptationQuality:2]]
[2022.01.17-06.12.27:693][  0]LogConfig: Setting CVar [[r.BloomQuality:5]]
[2022.01.17-06.12.27:693][  0]LogConfig: Setting CVar [[r.FastBlurThreshold:100]]
[2022.01.17-06.12.27:693][  0]LogConfig: Setting CVar [[r.Upscale.Quality:3]]
[2022.01.17-06.12.27:693][  0]LogConfig: Setting CVar [[r.Tonemapper.GrainQuantization:1]]
[2022.01.17-06.12.27:693][  0]LogConfig: Setting CVar [[r.LightShaftQuality:1]]
[2022.01.17-06.12.27:693][  0]LogConfig: Setting CVar [[r.Filter.SizeScale:1]]
[2022.01.17-06.12.27:693][  0]LogConfig: Setting CVar [[r.Tonemapper.Quality:5]]
[2022.01.17-06.12.27:693][  0]LogConfig: Setting CVar [[r.DOF.Gather.AccumulatorQuality:1        ; higher gathering accumulator quality]]
[2022.01.17-06.12.27:693][  0]LogConfig: Setting CVar [[r.DOF.Gather.PostfilterMethod:1          ; Median3x3 postfilering method]]
[2022.01.17-06.12.27:693][  0]LogConfig: Setting CVar [[r.DOF.Gather.EnableBokehSettings:0       ; no bokeh simulation when gathering]]
[2022.01.17-06.12.27:693][  0]LogConfig: Setting CVar [[r.DOF.Gather.RingCount:4                 ; medium number of samples when gathering]]
[2022.01.17-06.12.27:693][  0]LogConfig: Setting CVar [[r.DOF.Scatter.ForegroundCompositing:1    ; additive foreground scattering]]
[2022.01.17-06.12.27:693][  0]LogConfig: Setting CVar [[r.DOF.Scatter.BackgroundCompositing:2    ; additive background scattering]]
[2022.01.17-06.12.27:693][  0]LogConfig: Setting CVar [[r.DOF.Scatter.EnableBokehSettings:1      ; bokeh simulation when scattering]]
[2022.01.17-06.12.27:693][  0]LogConfig: Setting CVar [[r.DOF.Scatter.MaxSpriteRatio:0.1         ; only a maximum of 10% of scattered bokeh]]
[2022.01.17-06.12.27:693][  0]LogConfig: Setting CVar [[r.DOF.Recombine.Quality:1                ; cheap slight out of focus]]
[2022.01.17-06.12.27:693][  0]LogConfig: Setting CVar [[r.DOF.Recombine.EnableBokehSettings:0    ; no bokeh simulation on slight out of focus]]
[2022.01.17-06.12.27:693][  0]LogConfig: Setting CVar [[r.DOF.TemporalAAQuality:1                ; more stable temporal accumulation]]
[2022.01.17-06.12.27:693][  0]LogConfig: Setting CVar [[r.DOF.Kernel.MaxForegroundRadius:0.025]]
[2022.01.17-06.12.27:693][  0]LogConfig: Setting CVar [[r.DOF.Kernel.MaxBackgroundRadius:0.025]]
[2022.01.17-06.12.27:693][  0]LogConfig: Applying CVar settings from Section [TextureQuality@3] File [C:/Users/edson/Documents/Unreal Projects/IDV/Saved/Config/Windows/Scalability.ini]
[2022.01.17-06.12.27:693][  0]LogConfig: Setting CVar [[r.Streaming.MipBias:0]]
[2022.01.17-06.12.27:693][  0]LogConfig: Setting CVar [[r.Streaming.AmortizeCPUToGPUCopy:0]]
[2022.01.17-06.12.27:693][  0]LogConfig: Setting CVar [[r.Streaming.MaxNumTexturesToStreamPerFrame:0]]
[2022.01.17-06.12.27:693][  0]LogConfig: Setting CVar [[r.Streaming.Boost:1]]
[2022.01.17-06.12.27:693][  0]LogConfig: Setting CVar [[r.MaxAnisotropy:8]]
[2022.01.17-06.12.27:693][  0]LogConfig: Setting CVar [[r.VT.MaxAnisotropy:8]]
[2022.01.17-06.12.27:693][  0]LogConfig: Setting CVar [[r.Streaming.LimitPoolSizeToVRAM:0]]
[2022.01.17-06.12.27:693][  0]LogConfig: Setting CVar [[r.Streaming.PoolSize:1000]]
[2022.01.17-06.12.27:693][  0]LogConfig: Setting CVar [[r.Streaming.MaxEffectiveScreenSize:0]]
[2022.01.17-06.12.27:693][  0]LogConfig: Applying CVar settings from Section [EffectsQuality@3] File [C:/Users/edson/Documents/Unreal Projects/IDV/Saved/Config/Windows/Scalability.ini]
[2022.01.17-06.12.27:693][  0]LogConfig: Setting CVar [[r.TranslucencyLightingVolumeDim:64]]
[2022.01.17-06.12.27:693][  0]LogConfig: Setting CVar [[r.RefractionQuality:2]]
[2022.01.17-06.12.27:693][  0]LogConfig: Setting CVar [[r.SSR.Quality:3]]
[2022.01.17-06.12.27:693][  0]LogConfig: Setting CVar [[r.SSR.HalfResSceneColor:0]]
[2022.01.17-06.12.27:693][  0]LogConfig: Setting CVar [[r.SceneColorFormat:4]]
[2022.01.17-06.12.27:693][  0]LogConfig: Setting CVar [[r.DetailMode:2]]
[2022.01.17-06.12.27:693][  0]LogConfig: Setting CVar [[r.TranslucencyVolumeBlur:1]]
[2022.01.17-06.12.27:693][  0]LogConfig: Setting CVar [[r.MaterialQualityLevel:1 ; High quality]]
[2022.01.17-06.12.27:693][  0]LogConfig: Setting CVar [[r.AnisotropicMaterials:1]]
[2022.01.17-06.12.27:693][  0]LogConfig: Setting CVar [[r.SSS.Scale:1]]
[2022.01.17-06.12.27:693][  0]LogConfig: Setting CVar [[r.SSS.SampleSet:2]]
[2022.01.17-06.12.27:693][  0]LogConfig: Setting CVar [[r.SSS.Quality:1]]
[2022.01.17-06.12.27:693][  0]LogConfig: Setting CVar [[r.SSS.HalfRes:0]]
[2022.01.17-06.12.27:693][  0]LogConfig: Setting CVar [[r.SSGI.Quality:3]]
[2022.01.17-06.12.27:693][  0]LogConfig: Setting CVar [[r.EmitterSpawnRateScale:1.0]]
[2022.01.17-06.12.27:693][  0]LogConfig: Setting CVar [[r.ParticleLightQuality:2]]
[2022.01.17-06.12.27:693][  0]LogConfig: Setting CVar [[r.SkyAtmosphere.AerialPerspectiveLUT.FastApplyOnOpaque:1 ; Always have FastSkyLUT 1 in this case to avoid wrong sky]]
[2022.01.17-06.12.27:693][  0]LogConfig: Setting CVar [[r.SkyAtmosphere.AerialPerspectiveLUT.SampleCountMaxPerSlice:4]]
[2022.01.17-06.12.27:693][  0]LogConfig: Setting CVar [[r.SkyAtmosphere.AerialPerspectiveLUT.DepthResolution:16.0]]
[2022.01.17-06.12.27:693][  0]LogConfig: Setting CVar [[r.SkyAtmosphere.FastSkyLUT:1]]
[2022.01.17-06.12.27:693][  0]LogConfig: Setting CVar [[r.SkyAtmosphere.FastSkyLUT.SampleCountMin:4.0]]
[2022.01.17-06.12.27:693][  0]LogConfig: Setting CVar [[r.SkyAtmosphere.FastSkyLUT.SampleCountMax:128.0]]
[2022.01.17-06.12.27:693][  0]LogConfig: Setting CVar [[r.SkyAtmosphere.SampleCountMin:4.0]]
[2022.01.17-06.12.27:693][  0]LogConfig: Setting CVar [[r.SkyAtmosphere.SampleCountMax:128.0]]
[2022.01.17-06.12.27:693][  0]LogConfig: Setting CVar [[r.SkyAtmosphere.TransmittanceLUT.UseSmallFormat:0]]
[2022.01.17-06.12.27:693][  0]LogConfig: Setting CVar [[r.SkyAtmosphere.TransmittanceLUT.SampleCount:10.0]]
[2022.01.17-06.12.27:693][  0]LogConfig: Setting CVar [[r.SkyAtmosphere.MultiScatteringLUT.SampleCount:15.0]]
[2022.01.17-06.12.27:693][  0]LogConfig: Setting CVar [[r.SkyLight.RealTimeReflectionCapture:1]]
[2022.01.17-06.12.27:693][  0]LogConfig: Applying CVar settings from Section [FoliageQuality@3] File [C:/Users/edson/Documents/Unreal Projects/IDV/Saved/Config/Windows/Scalability.ini]
[2022.01.17-06.12.27:693][  0]LogConfig: Setting CVar [[foliage.DensityScale:1.0]]
[2022.01.17-06.12.27:693][  0]LogConfig: Setting CVar [[grass.DensityScale:1.0]]
[2022.01.17-06.12.27:693][  0]LogConfig: Applying CVar settings from Section [ShadingQuality@3] File [C:/Users/edson/Documents/Unreal Projects/IDV/Saved/Config/Windows/Scalability.ini]
[2022.01.17-06.12.27:693][  0]LogConfig: Setting CVar [[r.HairStrands.SkyLighting.IntegrationType:2]]
[2022.01.17-06.12.27:693][  0]LogConfig: Setting CVar [[r.HairStrands.SkyAO.SampleCount:4]]
[2022.01.17-06.12.27:693][  0]LogConfig: Setting CVar [[r.HairStrands.Visibility.MSAA.SamplePerPixel:4]]
[2022.01.17-06.12.27:693][  0]LogConfig: Applying CVar settings from Section [Startup] File [../../../Engine/Config/ConsoleVariables.ini]
[2022.01.17-06.12.27:694][  0]LogConfig: Setting CVar [[net.UseAdaptiveNetUpdateFrequency:0]]
[2022.01.17-06.12.27:694][  0]LogConfig: Setting CVar [[p.chaos.AllowCreatePhysxBodies:1]]
[2022.01.17-06.12.27:694][  0]LogConfig: Setting CVar [[fx.SkipVectorVMBackendOptimizations:1]]
[2022.01.17-06.12.27:694][  0]LogConfig: Applying CVar settings from Section [ConsoleVariables] File [C:/Users/edson/Documents/Unreal Projects/IDV/Saved/Config/Windows/Engine.ini]
[2022.01.17-06.12.27:694][  0]LogConfig: Applying CVar settings from Section [ConsoleVariables] File [C:/Users/edson/Documents/Unreal Projects/IDV/Saved/Config/Windows/Editor.ini]
[2022.01.17-06.12.27:694][  0]LogInit: Computer: DESKTOP-2S3R0O1
[2022.01.17-06.12.27:694][  0]LogInit: User: edson
[2022.01.17-06.12.27:694][  0]LogInit: CPU Page size=4096, Cores=6
[2022.01.17-06.12.27:694][  0]LogInit: High frequency timer resolution =10.000000 MHz
[2022.01.17-06.12.27:694][  0]LogMemory: Memory total: Physical=31.9GB (32GB approx)
[2022.01.17-06.12.27:694][  0]LogMemory: Platform Memory Stats for Windows
[2022.01.17-06.12.27:694][  0]LogMemory: Process Physical Memory: 145.41 MB used, 145.42 MB peak
[2022.01.17-06.12.27:694][  0]LogMemory: Process Virtual Memory: 121.83 MB used, 121.83 MB peak
[2022.01.17-06.12.27:694][  0]LogMemory: Physical Memory: 9353.01 MB used,  23333.49 MB free, 32686.50 MB total
[2022.01.17-06.12.27:694][  0]LogMemory: Virtual Memory: 134192840.00 MB used,  24888.94 MB free, 134217728.00 MB total
[2022.01.17-06.12.27:699][  0]LogWindows: WindowsPlatformFeatures enabled
[2022.01.17-06.12.27:739][  0]LogInit: Physics initialised using underlying interface: PhysX
[2022.01.17-06.12.27:740][  0]LogInit: Overriding language with editor language configuration option (en).
[2022.01.17-06.12.27:740][  0]LogInit: Using OS detected locale (es-ES).
[2022.01.17-06.12.27:939][  0]LogInit: Setting process to per monitor DPI aware
[2022.01.17-06.12.27:951][  0]LogWindowsTextInputMethodSystem: Display: IME system deactivated.
[2022.01.17-06.12.27:971][  0]LogSlate: New Slate User Created.  User Index 0, Is Virtual User: 0
[2022.01.17-06.12.27:971][  0]LogSlate: Slate User Registered.  User Index 0, Is Virtual User: 0
[2022.01.17-06.12.28:140][  0]LogD3D11RHI: Loaded GFSDK_Aftermath_Lib.x64.dll
[2022.01.17-06.12.28:143][  0]LogHMD: Failed to initialize OpenVR with code 110
[2022.01.17-06.12.28:143][  0]LogD3D11RHI: D3D11 min allowed feature level: 11_0
[2022.01.17-06.12.28:143][  0]LogD3D11RHI: D3D11 max allowed feature level: 11_0
[2022.01.17-06.12.28:143][  0]LogD3D11RHI: D3D11 adapters:
[2022.01.17-06.12.28:250][  0]LogD3D11RHI:    0. 'NVIDIA GeForce GTX 1650' (Feature Level 11_0)
[2022.01.17-06.12.28:251][  0]LogD3D11RHI:       3961/0/16343 MB DedicatedVideo/DedicatedSystem/SharedSystem, Outputs:3, VendorId:0x10de
[2022.01.17-06.12.28:253][  0]LogD3D11RHI:    1. 'Microsoft Basic Render Driver' (Feature Level 11_0)
[2022.01.17-06.12.28:253][  0]LogD3D11RHI:       0/0/16343 MB DedicatedVideo/DedicatedSystem/SharedSystem, Outputs:0, VendorId:0x1414
[2022.01.17-06.12.28:253][  0]LogD3D11RHI: Chosen D3D11 Adapter:
[2022.01.17-06.12.28:253][  0]LogD3D11RHI:     Description : NVIDIA GeForce GTX 1650
[2022.01.17-06.12.28:253][  0]LogD3D11RHI:     VendorId    : 10de
[2022.01.17-06.12.28:253][  0]LogD3D11RHI:     DeviceId    : 1f0a
[2022.01.17-06.12.28:253][  0]LogD3D11RHI:     SubSysId    : 879c1043
[2022.01.17-06.12.28:253][  0]LogD3D11RHI:     Revision    : 00a1
[2022.01.17-06.12.28:253][  0]LogD3D11RHI:     DedicatedVideoMemory : 4153409536 bytes
[2022.01.17-06.12.28:253][  0]LogD3D11RHI:     DedicatedSystemMemory : 0 bytes
[2022.01.17-06.12.28:253][  0]LogD3D11RHI:     SharedSystemMemory : 17137137664 bytes
[2022.01.17-06.12.28:253][  0]LogD3D11RHI:     AdapterLuid : 0 48119
[2022.01.17-06.12.28:260][  0]LogD3D11RHI: Creating new Direct3DDevice
[2022.01.17-06.12.28:260][  0]LogD3D11RHI:     GPU DeviceId: 0x1f0a (for the marketing name, search the web for "GPU Device Id")
[2022.01.17-06.12.28:260][  0]LogWindows: EnumDisplayDevices:
[2022.01.17-06.12.28:260][  0]LogWindows:    0. 'NVIDIA GeForce GTX 1650' (P:1 D:1)
[2022.01.17-06.12.28:260][  0]LogWindows:    1. 'NVIDIA GeForce GTX 1650' (P:0 D:1)
[2022.01.17-06.12.28:261][  0]LogWindows:    2. 'NVIDIA GeForce GTX 1650' (P:0 D:1)
[2022.01.17-06.12.28:261][  0]LogWindows:    3. 'NVIDIA GeForce GTX 1650' (P:0 D:0)
[2022.01.17-06.12.28:261][  0]LogWindows: DebugString: FoundDriverCount:4 
[2022.01.17-06.12.28:261][  0]LogD3D11RHI:     Adapter Name: NVIDIA GeForce GTX 1650
[2022.01.17-06.12.28:261][  0]LogD3D11RHI:   Driver Version: 497.29 (internal:30.0.14.9729, unified:497.29)
[2022.01.17-06.12.28:261][  0]LogD3D11RHI:      Driver Date: 12-15-2021
[2022.01.17-06.12.28:261][  0]LogRHI: Texture pool is 2772 MB (70% of 3961 MB)
[2022.01.17-06.12.28:261][  0]LogD3D11RHI: Creating D3DDevice using adapter:
[2022.01.17-06.12.28:261][  0]LogD3D11RHI:     Description : NVIDIA GeForce GTX 1650
[2022.01.17-06.12.28:261][  0]LogD3D11RHI:     VendorId    : 10de
[2022.01.17-06.12.28:261][  0]LogD3D11RHI:     DeviceId    : 1f0a
[2022.01.17-06.12.28:261][  0]LogD3D11RHI:     SubSysId    : 879c1043
[2022.01.17-06.12.28:261][  0]LogD3D11RHI:     Revision    : 00a1
[2022.01.17-06.12.28:261][  0]LogD3D11RHI:     DedicatedVideoMemory : 4153409536 bytes
[2022.01.17-06.12.28:261][  0]LogD3D11RHI:     DedicatedSystemMemory : 0 bytes
[2022.01.17-06.12.28:261][  0]LogD3D11RHI:     SharedSystemMemory : 17137137664 bytes
[2022.01.17-06.12.28:261][  0]LogD3D11RHI:     AdapterLuid : 0 48119
[2022.01.17-06.12.28:332][  0]LogD3D11RHI: RHI has support for 64 bit atomics
[2022.01.17-06.12.28:332][  0]LogD3D11RHI: Async texture creation enabled
[2022.01.17-06.12.28:332][  0]LogD3D11RHI: Array index from any shader is supported
[2022.01.17-06.12.28:334][  0]LogD3D11RHI: HDR output is supported on display 0 (NvId: 0x80061081).
[2022.01.17-06.12.28:365][  0]LogD3D11RHI: GPU Timing Frequency: 1000.000000 (Debug: 2 1)
[2022.01.17-06.12.28:391][  0]LogRHI: GeForceNow SDK initialized: 1
[2022.01.17-06.12.28:648][  0]LogTargetPlatformManager: Display: Loaded TargetPlatform 'AllDesktop'
[2022.01.17-06.12.28:670][  0]LogTargetPlatformManager: Display: Loaded TargetPlatform 'Android'
[2022.01.17-06.12.28:670][  0]LogTargetPlatformManager: Display: Loaded TargetPlatform 'Android_ASTC'
[2022.01.17-06.12.28:670][  0]LogTargetPlatformManager: Display: Loaded TargetPlatform 'Android_DXT'
[2022.01.17-06.12.28:670][  0]LogTargetPlatformManager: Display: Loaded TargetPlatform 'Android_ETC2'
[2022.01.17-06.12.28:670][  0]LogTargetPlatformManager: Display: Loaded TargetPlatform 'AndroidClient'
[2022.01.17-06.12.28:670][  0]LogTargetPlatformManager: Display: Loaded TargetPlatform 'Android_ASTCClient'
[2022.01.17-06.12.28:670][  0]LogTargetPlatformManager: Display: Loaded TargetPlatform 'Android_DXTClient'
[2022.01.17-06.12.28:670][  0]LogTargetPlatformManager: Display: Loaded TargetPlatform 'Android_ETC2Client'
[2022.01.17-06.12.28:670][  0]LogTargetPlatformManager: Display: Loaded TargetPlatform 'Android_Multi'
[2022.01.17-06.12.28:670][  0]LogTargetPlatformManager: Display: Loaded TargetPlatform 'Android_MultiClient'
[2022.01.17-06.12.28:689][  0]LogTargetPlatformManager: Display: Loaded TargetPlatform 'IOSClient'
[2022.01.17-06.12.28:689][  0]LogTargetPlatformManager: Display: Loaded TargetPlatform 'IOS'
[2022.01.17-06.12.28:699][  0]LogTargetPlatformManager: Display: Loaded TargetPlatform 'Linux'
[2022.01.17-06.12.28:703][  0]LogTargetPlatformManager: Display: Loaded TargetPlatform 'LinuxNoEditor'
[2022.01.17-06.12.28:708][  0]LogTargetPlatformManager: Display: Loaded TargetPlatform 'LinuxClient'
[2022.01.17-06.12.28:711][  0]LogTargetPlatformManager: Display: Loaded TargetPlatform 'LinuxServer'
[2022.01.17-06.12.28:721][  0]LogTargetPlatformManager: Display: Loaded TargetPlatform 'LinuxAArch64NoEditor'
[2022.01.17-06.12.28:726][  0]LogTargetPlatformManager: Display: Loaded TargetPlatform 'LinuxAArch64Client'
[2022.01.17-06.12.28:730][  0]LogTargetPlatformManager: Display: Loaded TargetPlatform 'LinuxAArch64Server'
[2022.01.17-06.12.28:755][  0]LogTargetPlatformManager: Display: Loaded TargetPlatform 'Lumin'
[2022.01.17-06.12.28:755][  0]LogTargetPlatformManager: Display: Loaded TargetPlatform 'LuminClient'
[2022.01.17-06.12.28:763][  0]LogTargetPlatformManager: Display: Loaded TargetPlatform 'MacNoEditor'
[2022.01.17-06.12.28:767][  0]LogTargetPlatformManager: Display: Loaded TargetPlatform 'Mac'
[2022.01.17-06.12.28:772][  0]LogTargetPlatformManager: Display: Loaded TargetPlatform 'MacClient'
[2022.01.17-06.12.28:776][  0]LogTargetPlatformManager: Display: Loaded TargetPlatform 'MacServer'
[2022.01.17-06.12.28:786][  0]LogTargetPlatformManager: Display: Loaded TargetPlatform 'TVOSClient'
[2022.01.17-06.12.28:786][  0]LogTargetPlatformManager: Display: Loaded TargetPlatform 'TVOS'
[2022.01.17-06.12.28:795][  0]LogTargetPlatformManager: Display: Loaded TargetPlatform 'WindowsNoEditor'
[2022.01.17-06.12.28:799][  0]LogTargetPlatformManager: Display: Loaded TargetPlatform 'Windows'
[2022.01.17-06.12.28:803][  0]LogTargetPlatformManager: Display: Loaded TargetPlatform 'WindowsClient'
[2022.01.17-06.12.28:808][  0]LogTargetPlatformManager: Display: Loaded TargetPlatform 'WindowsServer'
[2022.01.17-06.12.28:808][  0]LogTargetPlatformManager: Display: Building Assets For Windows
[2022.01.17-06.12.28:817][  0]LogAudioDebug: Display: Lib vorbis DLL was dynamically loaded.
[2022.01.17-06.12.28:850][  0]LogTextureFormatOodle: Display: Oodle Texture 2.9.0 init RDO Off
[2022.01.17-06.12.28:881][  0]LogRendererCore: Ray tracing is disabled. Reason: r.RayTracing=0.
[2022.01.17-06.12.28:881][  0]LogShaderCompilers: Guid format shader working directory is -14 characters bigger than the processId version (../../../../../../Users/edson/Documents/Unreal Projects/IDV/Intermediate/Shaders/WorkingDirectory/18952/).
[2022.01.17-06.12.28:882][  0]LogShaderCompilers: Cleaned the shader compiler working directory 'C:/Users/edson/AppData/Local/Temp/UnrealShaderWorkingDir/97A6296F48F35056BC4BFFB47EFB9579/'.
[2022.01.17-06.12.28:882][  0]LogXGEController: Cannot use XGE Controller as Incredibuild is not installed on this machine.
[2022.01.17-06.12.28:882][  0]LogShaderCompilers: Cannot use XGE Shader Compiler as Incredibuild is not installed on this machine.
[2022.01.17-06.12.28:882][  0]LogShaderCompilers: Display: Using Local Shader Compiler.
[2022.01.17-06.12.29:561][  0]LogDerivedDataCache: Display: Max Cache Size: 512 MB
[2022.01.17-06.12.29:623][  0]LogDerivedDataCache: Loaded boot cache 0.06s 111MB C:/Users/edson/AppData/Local/UnrealEngine/4.27/DerivedDataCache/Boot.ddc.
[2022.01.17-06.12.29:624][  0]LogDerivedDataCache: Display: Loaded Boot cache: C:/Users/edson/AppData/Local/UnrealEngine/4.27/DerivedDataCache/Boot.ddc
[2022.01.17-06.12.29:624][  0]LogDerivedDataCache: FDerivedDataBackendGraph:  Pak pak cache file ../../../../../../Users/edson/Documents/Unreal Projects/IDV/DerivedDataCache/DDC.ddp not found, will not use a pak cache.
[2022.01.17-06.12.29:624][  0]LogDerivedDataCache: Unable to find inner node Pak for hierarchical cache Hierarchy.
[2022.01.17-06.12.29:624][  0]LogDerivedDataCache: FDerivedDataBackendGraph:  CompressedPak pak cache file ../../../../../../Users/edson/Documents/Unreal Projects/IDV/DerivedDataCache/Compressed.ddp not found, will not use a pak cache.
[2022.01.17-06.12.29:624][  0]LogDerivedDataCache: Unable to find inner node CompressedPak for hierarchical cache Hierarchy.
[2022.01.17-06.12.29:641][  0]LogDerivedDataCache: Display: Pak cache opened for reading ../../../Engine/DerivedDataCache/Compressed.ddp.
[2022.01.17-06.12.29:641][  0]LogDerivedDataCache: FDerivedDataBackendGraph:  EnterprisePak pak cache file ../../../Enterprise/DerivedDataCache/Compressed.ddp not found, will not use a pak cache.
[2022.01.17-06.12.29:641][  0]LogDerivedDataCache: Unable to find inner node EnterprisePak for hierarchical cache Hierarchy.
[2022.01.17-06.12.29:648][  0]LogDerivedDataCache: Speed tests for C:/Users/edson/AppData/Local/UnrealEngine/Common/DerivedDataCache took 0.01 seconds
[2022.01.17-06.12.29:648][  0]LogDerivedDataCache: Display: Performance to C:/Users/edson/AppData/Local/UnrealEngine/Common/DerivedDataCache: Latency=0.03ms. RandomReadSpeed=935.02MBs, RandomWriteSpeed=168.91MBs. Assigned SpeedClass 'Local'
[2022.01.17-06.12.29:648][  0]LogDerivedDataCache: Using Local data cache path C:/Users/edson/AppData/Local/UnrealEngine/Common/DerivedDataCache: Writable
[2022.01.17-06.12.29:649][  0]LogDerivedDataCache: Shared data cache path not found in *engine.ini, will not use an Shared cache.
[2022.01.17-06.12.29:649][  0]LogDerivedDataCache: Unable to find inner node Shared for hierarchical cache Hierarchy.
[2022.01.17-06.12.29:693][  0]LogSlate: Using FreeType 2.10.0
[2022.01.17-06.12.29:694][  0]LogSlate: SlateFontServices - WITH_FREETYPE: 1, WITH_HARFBUZZ: 1
[2022.01.17-06.12.29:715][  0]LogAssetRegistry: FAssetRegistry took 0.0030 seconds to start up
[2022.01.17-06.12.29:954][  0]LogInit: Selected Device Profile: [Windows]
[2022.01.17-06.12.29:954][  0]LogInit: Active device profile: [000001E7DF4DF200][000001E7DE51C7C0 49] Windows
[2022.01.17-06.12.29:954][  0]LogInit: Profiles: [000001E7DF4DF200][000001E7DE51C7C0 49] Windows, [000001E7DF48D000][000001E7DE25C900 49] WindowsNoEditor, [000001E7DF4DD000][000001E7DE590A40 49] WindowsServer, [000001E7DF48E700][000001E7DE594B80 49] WindowsClient, [000001E7DF4DE700][000001E7DE59CD00 49] IOS, [000001E7DF48FA00][000001E7DE5A0E80 49] iPadAir, [000001E7DF4DED00][000001E7DE5A5000 49] iPadAir2, [000001E7DF37AC00][000001E7DE5AD2C0 49] IPadPro, [000001E7DF37AD00][000001E7DE5A9300 49] iPadAir3, [000001E7DF4DC300][000001E7DE5B1480 49] iPadAir4, [000001E7DF37B600][000001E7DE5B5600 49] iPadMini2, [000001E7DF4DC100][000001E7DE5B9780 49] iPadMini3, [000001E7DF378B00][000001E7DE5BD900 49] iPadMini4, [000001E7DF4DCB00][000001E7DE5C1A80 49] iPadMini5, [000001E7DF3C2500][000001E7DE5E01C0 49] iPhone6, [000001E7DF3C2600][000001E7DE5DC200 49] iPodTouch6, [000001E7DF379400][000001E7DE6084C0 49] iPhone7, [000001E7DF37A500][000001E7DE5FC500 49] iPodTouch7, [000001E7DF3C2C00][000001E7DE60C680 49] iPhone5S, [000001E7DF37A100][000001E7DE620800 49] iPhone6Plus, [000001E7DF3C0B00][000001E7DE598940 49] iPhone6S, [000001E7DF379C00][000001E7DE624A80 49] iPhone6SPlus, [000001E7DF3C3600][000001E7DE628BC0 49] iPhone7Plus, [000001E7DF378700][000001E7DE62CD00 49] iPhoneSE, [000001E7DF3C0500][000001E7DE634E80 49] iPhone8, [000001E7DF37BD00][000001E7DE639000 49] iPhone8Plus, [000001E7DF3C0900][000001E7DE63D180 49] iPhoneX, [000001E7DF37A400][000001E7DE641300 49] iPhoneXS, [000001E7DF3C0700][000001E7DE645480 49] iPhoneXSMax, [000001E7DF37A300][000001E7DE649600 49] iPhoneXR, [000001E7DF3C2100][000001E7DE661780 49] iPhone11, [000001E7DF379B00][000001E7DE66D900 49] iPhone11Pro, [000001E7DF3C1E00][000001E7DB7C9A80 49] iPhone11ProMax, [000001E7DF37A000][000001E7DB7CDC00 49] iPhoneSE2, [000001E7DF3C0300][000001E7DB678200 49] iPhone12Mini, [000001E7DF37AE00][000001E7DB67C380 49] iPhone12, [000001E7DF3C1200][000001E7DB680500 49] iPhone12Pro, [000001E7DF37B500][000001E7DB684680 49] iPhone12ProMax, [000001E7DF3C1B00][000001E7DB688800 49] iPadPro105, [000001E7DF379800][000001E7DB690980 49] iPadPro129, [000001E7DF3C2F00][000001E7DB69CB00 49] iPadPro97, [000001E7DF379600][000001E7DE630C40 49] iPadPro2_129, [000001E7DF3C3A00][000001E7DB6A0D80 49] iPad5, [000001E7DF37B900][000001E7DB6A4EC0 49] iPad6, [000001E7DF3C3C00][000001E7DB5C1040 49] iPad7, [000001E7DF37A600][000001E7DB5C51C0 49] iPad8, [000001E7DF3C3700][000001E7DB5C9340 49] iPadPro11, [000001E7DF378D00][000001E7DB5CD4C0 49] iPadPro2_11, [000001E7DF3C0800][000001E7DB5D1640 49] iPadPro3_129, [000001E7DF37B800][000001E7DB5D57C0 49] iPadPro4_129, [000001E7DF48F200][000001E7DB5D9940 49] AppleTV, [000001E7DF519500][000001E7DB5DDAC0 49] AppleTV4K, [000001E7DF48E300][000001E7DB5E00C0 49] TVOS, [000001E7DF518200][000001E7DB5E4240 49] Mac, [000001E7DF48F400][000001E7DB5E83C0 49] MacClient, [000001E7DF519F00][000001E7DB5EC540 49] MacNoEditor, [000001E7DF48FB00][000001E7DB5F06C0 49] MacServer, [000001E7DF518100][000001E7DB5F4840 49] Linux, [000001E7DF48C200][000001E7DB5F89C0 49] LinuxAArch64, [000001E7DF51A400][000001E7DB5FCB40 49] LinuxNoEditor, [000001E7DF48C700][000001E7DB600CC0 49] LinuxAArch64NoEditor, [000001E7DF51A000][000001E7DB6A8E00 49] LinuxClient, [000001E7DF48F800][000001E7DB604F40 49] LinuxAArch64Client, [000001E7DF518600][000001E7DB609080 49] LinuxServer, [000001E7DF48ED00][000001E7DB60D1C0 49] LinuxAArch64Server, [000001E7DF518B00][000001E7DB615340 49] Android, [000001E7DF48F600][000001E7DB6194C0 49] Android_Low, [000001E7DF51A700][000001E7DB61D640 49] Android_Mid, [000001E7DF48C400][000001E7DB6217C0 49] Android_High, [000001E7DF51A100][000001E7DB625940 49] Android_Default, [000001E7DF48DB00][000001E7DE525AC0 49] Android_Adreno4xx, [000001E7DF519700][000001E7DE5280C0 49] Android_Adreno5xx_Low, [000001E7DF378900][000001E7DE52C240 49] Android_Adreno5xx, [000001E7DF3C1A00][000001E7DE5303C0 49] Android_Adreno6xx, [000001E7DF379500][000001E7DE534540 49] Android_Adreno6xx_Vulkan, [000001E7DF3C2A00][000001E7DE5386C0 49] Android_Mali_T6xx, [000001E7DF37B000][000001E7DE53C840 49] Android_Mali_T7xx, [000001E7DF3C2200][000001E7DE5409C0 49] Android_Mali_T8xx, [000001E7DF37BA00][000001E7DE544B40 49] Android_Mali_G71, [000001E7DF519000][000001E7DE548CC0 49] Android_Mali_G72, [000001E7DF37B400][000001E7DE54CE40 49] Android_Mali_G72_Vulkan, [000001E7DF519E00][000001E7DB610F80 49] Android_Mali_G76, [000001E7DF37A800][000001E7DE5510C0 49] Android_Mali_G76_Vulkan, [000001E7DF51AB00][000001E7DE555200 49] Android_Mali_G77, [000001E7DF378500][000001E7DE559340 49] Android_Mali_G77_Vulkan, [000001E7DF519D00][000001E7DE5614C0 49] Android_Mali_G78, [000001E7DF379E00][000001E7DE565640 49] Android_Mali_G78_Vulkan, [000001E7DF51A500][000001E7DE5697C0 49] Android_Mali_G710, [000001E7DF378C00][000001E7DE56D940 49] Android_Mali_G710_Vulkan, [000001E7DF51A200][000001E7DE571AC0 49] Android_Vulkan_SM5, [000001E7DF379A00][000001E7DE5740C0 49] Android_PowerVR_G6xxx, [000001E7DF518800][000001E7DE578240 49] Android_PowerVR_GT7xxx, [000001E7DF37AB00][000001E7DE57C3C0 49] Android_PowerVR_GE8xxx, [000001E7DF519200][000001E7DE580540 49] Android_PowerVR_GM9xxx, [000001E7DF37BF00][000001E7DE5846C0 49] Android_PowerVR_GM9xxx_Vulkan, [000001E7DF3C3500][000001E7DE588840 49] Android_TegraK1, [000001E7DF378200][000001E7DE58C9C0 49] Android_Unknown_Vulkan, [000001E7DF3C1800][000001E7DF680B40 49] Lumin, [000001E7DF379D00][000001E7DF684CC0 49] Lumin_Desktop, [000001E7DF3C3400][000001E7DF688E40 49] HoloLens, 
[2022.01.17-06.12.30:073][  0]LogMeshReduction: Using QuadricMeshReduction for automatic static mesh reduction
[2022.01.17-06.12.30:073][  0]LogMeshReduction: Using SimplygonMeshReduction for automatic skeletal mesh reduction
[2022.01.17-06.12.30:073][  0]LogMeshReduction: Using ProxyLODMeshReduction for automatic mesh merging
[2022.01.17-06.12.30:073][  0]LogMeshReduction: No distributed automatic mesh merging module available
[2022.01.17-06.12.30:073][  0]LogMeshMerging: No distributed automatic mesh merging module available
[2022.01.17-06.12.30:094][  0]LogNetVersion: IDV 1.0.0, NetCL: 17155196, EngineNetVer: 17, GameNetVer: 0 (Checksum: 238333452)
[2022.01.17-06.12.30:453][  0]LogTexture: Default maximum texture size for cubemaps generated from long-lat sources has been changed from 512 to unlimited. In order to preserve old behaiour for '/Engine/MapTemplates/Sky/DaylightAmbientCubemap.DaylightAmbientCubemap', its maximum texture size has been explicitly set to 512.
[2022.01.17-06.12.30:509][  0]LogHMD: PokeAHoleMaterial loaded successfully
[2022.01.17-06.12.30:516][  0]LogUObjectArray: 17178 objects as part of root set at end of initial load.
[2022.01.17-06.12.30:516][  0]LogUObjectAllocator: 4302048 out of 0 bytes used by permanent object pool.
[2022.01.17-06.12.30:516][  0]LogUObjectArray: CloseDisregardForGC: 0/0 objects in disregard for GC pool
[2022.01.17-06.12.30:766][  0]LogNiagaraDebuggerClient: Niagara Debugger Client Initialized | Session: 8EB98C394A8E09348455349D255CB053 | Instance: DD5C60D146692FC6250AF9B53CF4F85A (DESKTOP-2S3R0O1-18952).
[2022.01.17-06.12.30:822][  0]LogPython: Using Python 3.7.7
[2022.01.17-06.12.31:412][  0]LogTcpMessaging: Initializing TcpMessaging bridge
[2022.01.17-06.12.31:417][  0]LogUdpMessaging: Initializing bridge on interface 0.0.0.0:0 to multicast group 230.0.0.1:6666.
[2022.01.17-06.12.31:658][  0]LogTexture: Default maximum texture size for cubemaps generated from long-lat sources has been changed from 512 to unlimited. In order to preserve old behaiour for '/Engine/EditorMaterials/AssetViewer/EpicQuadPanorama_CC+EV1.EpicQuadPanorama_CC+EV1', its maximum texture size has been explicitly set to 512.
[2022.01.17-06.12.32:292][  0]SourceControl: Source control is disabled
[2022.01.17-06.12.32:957][  0]LogUProjectInfo: Found projects:
[2022.01.17-06.12.32:994][  0]LogOpenImageDenoise: OIDN starting up
[2022.01.17-06.12.33:039][  0]LogAndroidPermission: UAndroidPermissionCallbackProxy::GetInstance
[2022.01.17-06.12.33:063][  0]LogAudioCaptureCore: Display: No Audio Capture implementations found. Audio input will be silent.
[2022.01.17-06.12.33:063][  0]LogAudioCaptureCore: Display: No Audio Capture implementations found. Audio input will be silent.
[2022.01.17-06.12.33:181][  0]LogCollectionManager: Loaded 0 collections in 0.002027 seconds
[2022.01.17-06.12.33:208][  0]LogFileCache: Scanning file cache for directory 'C:/Users/edson/Documents/Unreal Projects/IDV/Saved/Collections/' took 0.00s
[2022.01.17-06.12.33:208][  0]LogFileCache: Scanning file cache for directory 'C:/Users/edson/Documents/Unreal Projects/IDV/Content/Developers/edson/Collections/' took 0.00s
[2022.01.17-06.12.33:208][  0]LogFileCache: Scanning file cache for directory 'C:/Users/edson/Documents/Unreal Projects/IDV/Content/Collections/' took 0.00s
[2022.01.17-06.12.33:208][  0]LogOcInput: OculusInput pre-init called
[2022.01.17-06.12.33:421][  0]LogEngine: Initializing Engine...
[2022.01.17-06.12.33:473][  0]LogHMD: Failed to enumerate extensions. Please check that you have a valid OpenXR runtime installed.
[2022.01.17-06.12.33:473][  0]LogHMD: Failed to initialize OpenVR with code 110
[2022.01.17-06.12.33:474][  0]LogMagicLeap: Warning: VR disabled because ZI is not enabled.  To enable, in the editor, Edit -> Project Settings -> Plugins -> Magic Leap Plugin -> Enable Zero Iteration
[2022.01.17-06.12.33:475][  0]LogStats: UGameplayTagsManager::InitializeManager -  0.000 s
[2022.01.17-06.12.33:581][  0]LogInit: Initializing FReadOnlyCVARCache
[2022.01.17-06.12.33:591][  0]LogAIModule: Creating AISystem for world Untitled
[2022.01.17-06.12.33:598][  0]LogAudio: Display: Initializing Audio Device Manager...
[2022.01.17-06.12.33:602][  0]LogAudio: Display: Loading Default Audio Settings Objects...
[2022.01.17-06.12.33:602][  0]LogAudio: Display: No default SoundConcurrencyObject specified (or failed to load).
[2022.01.17-06.12.33:603][  0]LogAudio: Display: Audio Device Manager Initialized
[2022.01.17-06.12.33:603][  0]LogAudio: Display: Creating Audio Device:                 Id: 1, Scope: Shared, Realtime: True
[2022.01.17-06.12.33:603][  0]LogAudioMixer: Display: Audio Mixer Platform Settings:
[2022.01.17-06.12.33:603][  0]LogAudioMixer: Display: 	Sample Rate:						  48000
[2022.01.17-06.12.33:603][  0]LogAudioMixer: Display: 	Callback Buffer Frame Size Requested: 1024
[2022.01.17-06.12.33:603][  0]LogAudioMixer: Display: 	Callback Buffer Frame Size To Use:	  1024
[2022.01.17-06.12.33:603][  0]LogAudioMixer: Display: 	Number of buffers to queue:			  2
[2022.01.17-06.12.33:603][  0]LogAudioMixer: Display: 	Max Channels (voices):				  32
[2022.01.17-06.12.33:603][  0]LogAudioMixer: Display: 	Number of Async Source Workers:		  0
[2022.01.17-06.12.33:603][  0]LogAudio: Display: AudioDevice MaxSources: 32
[2022.01.17-06.12.33:603][  0]LogAudio: Display: Audio Spatialization Plugin: None (built-in).
[2022.01.17-06.12.33:603][  0]LogAudio: Display: Audio Reverb Plugin: None (built-in).
[2022.01.17-06.12.33:603][  0]LogAudio: Display: Audio Occlusion Plugin: None (built-in).
[2022.01.17-06.12.33:603][  0]LogAudioMixer: Display: Initializing audio mixer.
[2022.01.17-06.12.33:618][  0]LogAudioMixer: Display: 0: FrontLeft
[2022.01.17-06.12.33:618][  0]LogAudioMixer: Display: 1: FrontRight
[2022.01.17-06.12.33:632][  0]LogAudioMixer: Display: Using Audio Device Auriculares (2- RP-BTD5 Stereo)
[2022.01.17-06.12.33:636][  0]LogAudioMixer: Display: Initializing Sound Submixes...
[2022.01.17-06.12.33:638][  0]LogAudioMixer: Display: Creating Master Submix 'MasterSubmixDefault'
[2022.01.17-06.12.33:638][  0]LogAudioMixer: Display: Creating Master Submix 'MasterReverbSubmixDefault'
[2022.01.17-06.12.33:639][  0]LogAudioMixer: Display: Creating Master Submix 'MasterEQSubmixDefault'
[2022.01.17-06.12.33:639][  0]LogAudioMixer: FMixerPlatformXAudio2::StartAudioStream() called
[2022.01.17-06.12.33:639][  0]LogAudioMixer: Display: Output buffers initialized: Frames=1024, Channels=2, Samples=2048
[2022.01.17-06.12.33:640][  0]LogAudioMixer: Display: Starting AudioMixerPlatformInterface::RunInternal()
[2022.01.17-06.12.33:640][  0]LogAudioMixer: Display: FMixerPlatformXAudio2::SubmitBuffer() called for the first time
[2022.01.17-06.12.33:640][  0]LogInit: FAudioDevice initialized.
[2022.01.17-06.12.33:640][  0]LogAudio: Display: Audio Device (ID: 1) registered with world 'Untitled'.
[2022.01.17-06.12.33:640][  0]LogNetVersion: Set ProjectVersion to 1.0.0.0. Version Checksum will be recalculated on next use.
[2022.01.17-06.12.33:736][  0]LogDerivedDataCache: Saved boot cache 0.10s 111MB C:/Users/edson/AppData/Local/UnrealEngine/4.27/DerivedDataCache/Boot.ddc.
[2022.01.17-06.12.33:737][  0]LogInit: Texture streaming: Enabled
[2022.01.17-06.12.33:749][  0]LogAnalytics: Display: [UEEditor.Rocket.Release] APIServer = https://datarouter.ol.epicgames.com/. AppVersion = 4.27.2-18319896+++UE4+Release-4.27
[2022.01.17-06.12.33:753][  0]LogEngineSessionManager: EngineSessionManager initialized
[2022.01.17-06.12.33:753][  0]LogEditorSessionSummary: Verbose: Initializing EditorSessionSummaryWriter for editor session tracking
[2022.01.17-06.12.33:754][  0]LogEditorSessionSummary: EditorSessionSummaryWriter initialized
[2022.01.17-06.12.33:781][  0]LogInit: Transaction tracking system initialized
[2022.01.17-06.12.33:802][  0]BlueprintLog: New page: Editor Load
[2022.01.17-06.12.33:858][  0]LocalizationService: Localization service is disabled
[2022.01.17-06.12.33:880][  0]TimingProfiler: Initialize
[2022.01.17-06.12.33:880][  0]TimingProfiler: OnSessionChanged
[2022.01.17-06.12.33:880][  0]LoadingProfiler: Initialize
[2022.01.17-06.12.33:880][  0]LoadingProfiler: OnSessionChanged
[2022.01.17-06.12.33:880][  0]NetworkingProfiler: Initialize
[2022.01.17-06.12.33:880][  0]NetworkingProfiler: OnSessionChanged
[2022.01.17-06.12.33:880][  0]MemoryProfiler: Initialize
[2022.01.17-06.12.33:880][  0]MemoryProfiler: OnSessionChanged
[2022.01.17-06.12.34:026][  0]LogCook: Display: CookSettings for Memory: MemoryMaxUsedVirtual 0MiB, MemoryMaxUsedPhysical 16384MiB, MemoryMinFreeVirtual 0MiB, MemoryMinFreePhysical 1024MiB
[2022.01.17-06.12.34:026][  0]LogCook: Display: Mobile HDR setting 1
[2022.01.17-06.12.34:200][  0]LogFileCache: Scanning file cache for directory 'C:/Users/edson/Documents/Unreal Projects/IDV/Content/' took 0.02s
[2022.01.17-06.12.34:352][  0]LogInit: Display: Engine is initialized. Leaving FEngineLoop::Init()
[2022.01.17-06.12.34:355][  0]LogUnrealEdMisc: Loading editor; pre map load, took 7.979
[2022.01.17-06.12.34:355][  0]Cmd: MAP LOAD FILE="../../../../../../Users/edson/Documents/Unreal Projects/IDV/Content/MiraJuanUnToro/Niveles/MainMenu.umap" TEMPLATE=0 SHOWPROGRESS=1 FEATURELEVEL=3
[2022.01.17-06.12.34:360][  0]LightingResults: New page: Lighting Build
[2022.01.17-06.12.34:361][  0]LogWorld: UWorld::CleanupWorld for Untitled, bSessionEnded=true, bCleanupResources=true
[2022.01.17-06.12.34:362][  0]LogSlate: InvalidateAllWidgets triggered.  All widgets were invalidated
[2022.01.17-06.12.34:362][  0]MapCheck: New page: Map Check
[2022.01.17-06.12.34:362][  0]LightingResults: New page: Lighting Build
[2022.01.17-06.12.34:367][  0]LogAudio: Display: Audio Device unregistered from world 'None'.
[2022.01.17-06.12.34:370][  0]LogUObjectHash: Compacting FUObjectHashTables data took   0.91ms
[2022.01.17-06.12.34:427][  0]LogAudio: Display: Audio Device (ID: 1) registered with world 'MainMenu'.
[2022.01.17-06.12.34:428][  0]LogAIModule: Creating AISystem for world MainMenu
[2022.01.17-06.12.34:430][  0]LogEditorServer: Finished looking for orphan Actors (0.000 secs)
[2022.01.17-06.12.34:434][  0]LogUObjectHash: Compacting FUObjectHashTables data took   0.90ms
[2022.01.17-06.12.34:434][  0]Cmd: MAP CHECKDEP NOCLEARLOG
[2022.01.17-06.12.34:434][  0]MapCheck: Map check complete: 0 Error(s), 0 Warning(s), took 0,126ms to complete.
[2022.01.17-06.12.34:434][  0]LogFileHelpers: Loading map 'MainMenu' took 0.079
[2022.01.17-06.12.34:440][  0]LogUnrealEdMisc: Total Editor Startup Time, took 8.065
[2022.01.17-06.12.34:608][  0]LogSlate: Updating window title bar state: overlay mode, drag disabled, window buttons hidden, title bar hidden
[2022.01.17-06.12.34:616][  0]LogSlate: Updating window title bar state: overlay mode, drag disabled, window buttons hidden, title bar hidden
[2022.01.17-06.12.34:622][  0]LogSlate: Updating window title bar state: overlay mode, drag disabled, window buttons hidden, title bar hidden
[2022.01.17-06.12.34:628][  0]LogSlate: Updating window title bar state: overlay mode, drag disabled, window buttons hidden, title bar hidden
[2022.01.17-06.12.34:672][  0]LogNativeClassHierarchy: Verbose: Native class hierarchy populated in 0.0113 seconds. Added 4029 classes and 979 folders.
[2022.01.17-06.12.34:680][  0]LogNativeClassHierarchy: Verbose: Native class hierarchy updated for 'WidgetCarousel' in 0.0004 seconds. Added 0 classes and 0 folders.
[2022.01.17-06.12.34:694][  0]LogPakFile: PakFile PrimaryIndexSize=187
[2022.01.17-06.12.34:694][  0]LogPakFile: PakFile PathHashIndexSize=101
[2022.01.17-06.12.34:694][  0]LogPakFile: PakFile FullDirectoryIndexSize=148
[2022.01.17-06.12.34:694][  0]LogShaderLibrary: Display: ShaderCodeLibraryPakFileMountedCallback: PakFile 'C:/Program Files/Epic Games/UE_4.27/FeaturePacks/FP_FirstPerson.upack' (chunk index -1, root 'root:/') mounted
[2022.01.17-06.12.34:694][  0]LogShaderLibrary: Display: ShaderCodeLibraryPakFileMountedCallback: pending pak file info (ChunkID:-1 Root:root:/ File:C:/Program Files/Epic Games/UE_4.27/FeaturePacks/FP_FirstPerson.upack)
[2022.01.17-06.12.34:694][  0]LogPakFile: OnPakFileMounted2Time == 0.000059
[2022.01.17-06.12.34:704][  0]LogPakFile: PakFile PrimaryIndexSize=189
[2022.01.17-06.12.34:704][  0]LogPakFile: PakFile PathHashIndexSize=101
[2022.01.17-06.12.34:704][  0]LogPakFile: PakFile FullDirectoryIndexSize=152
[2022.01.17-06.12.34:704][  0]LogShaderLibrary: Display: ShaderCodeLibraryPakFileMountedCallback: PakFile 'C:/Program Files/Epic Games/UE_4.27/FeaturePacks/FP_FirstPersonBP.upack' (chunk index -1, root 'root:/') mounted
[2022.01.17-06.12.34:704][  0]LogShaderLibrary: Display: ShaderCodeLibraryPakFileMountedCallback: pending pak file info (ChunkID:-1 Root:root:/ File:C:/Program Files/Epic Games/UE_4.27/FeaturePacks/FP_FirstPersonBP.upack)
[2022.01.17-06.12.34:704][  0]LogPakFile: OnPakFileMounted2Time == 0.000049
[2022.01.17-06.12.34:711][  0]LogPakFile: PakFile PrimaryIndexSize=191
[2022.01.17-06.12.34:711][  0]LogPakFile: PakFile PathHashIndexSize=101
[2022.01.17-06.12.34:711][  0]LogPakFile: PakFile FullDirectoryIndexSize=160
[2022.01.17-06.12.34:711][  0]LogShaderLibrary: Display: ShaderCodeLibraryPakFileMountedCallback: PakFile 'C:/Program Files/Epic Games/UE_4.27/FeaturePacks/MobileStarterContent.upack' (chunk index -1, root 'root:/') mounted
[2022.01.17-06.12.34:711][  0]LogShaderLibrary: Display: ShaderCodeLibraryPakFileMountedCallback: pending pak file info (ChunkID:-1 Root:root:/ File:C:/Program Files/Epic Games/UE_4.27/FeaturePacks/MobileStarterContent.upack)
[2022.01.17-06.12.34:711][  0]LogPakFile: OnPakFileMounted2Time == 0.000037
[2022.01.17-06.12.34:718][  0]LogPakFile: PakFile PrimaryIndexSize=185
[2022.01.17-06.12.34:718][  0]LogPakFile: PakFile PathHashIndexSize=101
[2022.01.17-06.12.34:718][  0]LogPakFile: PakFile FullDirectoryIndexSize=148
[2022.01.17-06.12.34:719][  0]LogShaderLibrary: Display: ShaderCodeLibraryPakFileMountedCallback: PakFile 'C:/Program Files/Epic Games/UE_4.27/FeaturePacks/StarterContent.upack' (chunk index -1, root 'root:/') mounted
[2022.01.17-06.12.34:719][  0]LogShaderLibrary: Display: ShaderCodeLibraryPakFileMountedCallback: pending pak file info (ChunkID:-1 Root:root:/ File:C:/Program Files/Epic Games/UE_4.27/FeaturePacks/StarterContent.upack)
[2022.01.17-06.12.34:719][  0]LogPakFile: OnPakFileMounted2Time == 0.000038
[2022.01.17-06.12.34:727][  0]LogPakFile: PakFile PrimaryIndexSize=190
[2022.01.17-06.12.34:727][  0]LogPakFile: PakFile PathHashIndexSize=101
[2022.01.17-06.12.34:727][  0]LogPakFile: PakFile FullDirectoryIndexSize=154
[2022.01.17-06.12.34:728][  0]LogShaderLibrary: Display: ShaderCodeLibraryPakFileMountedCallback: PakFile 'C:/Program Files/Epic Games/UE_4.27/FeaturePacks/TP_2DSideScroller.upack' (chunk index -1, root 'root:/') mounted
[2022.01.17-06.12.34:728][  0]LogShaderLibrary: Display: ShaderCodeLibraryPakFileMountedCallback: pending pak file info (ChunkID:-1 Root:root:/ File:C:/Program Files/Epic Games/UE_4.27/FeaturePacks/TP_2DSideScroller.upack)
[2022.01.17-06.12.34:728][  0]LogPakFile: OnPakFileMounted2Time == 0.000053
[2022.01.17-06.12.34:734][  0]LogPakFile: PakFile PrimaryIndexSize=192
[2022.01.17-06.12.34:734][  0]LogPakFile: PakFile PathHashIndexSize=101
[2022.01.17-06.12.34:734][  0]LogPakFile: PakFile FullDirectoryIndexSize=158
[2022.01.17-06.12.34:734][  0]LogShaderLibrary: Display: ShaderCodeLibraryPakFileMountedCallback: PakFile 'C:/Program Files/Epic Games/UE_4.27/FeaturePacks/TP_2DSideScrollerBP.upack' (chunk index -1, root 'root:/') mounted
[2022.01.17-06.12.34:734][  0]LogShaderLibrary: Display: ShaderCodeLibraryPakFileMountedCallback: pending pak file info (ChunkID:-1 Root:root:/ File:C:/Program Files/Epic Games/UE_4.27/FeaturePacks/TP_2DSideScrollerBP.upack)
[2022.01.17-06.12.34:734][  0]LogPakFile: OnPakFileMounted2Time == 0.000055
[2022.01.17-06.12.34:740][  0]LogPakFile: PakFile PrimaryIndexSize=182
[2022.01.17-06.12.34:740][  0]LogPakFile: PakFile PathHashIndexSize=101
[2022.01.17-06.12.34:740][  0]LogPakFile: PakFile FullDirectoryIndexSize=138
[2022.01.17-06.12.34:740][  0]LogShaderLibrary: Display: ShaderCodeLibraryPakFileMountedCallback: PakFile 'C:/Program Files/Epic Games/UE_4.27/FeaturePacks/TP_Flying.upack' (chunk index -1, root 'root:/') mounted
[2022.01.17-06.12.34:740][  0]LogShaderLibrary: Display: ShaderCodeLibraryPakFileMountedCallback: pending pak file info (ChunkID:-1 Root:root:/ File:C:/Program Files/Epic Games/UE_4.27/FeaturePacks/TP_Flying.upack)
[2022.01.17-06.12.34:740][  0]LogPakFile: OnPakFileMounted2Time == 0.000041
[2022.01.17-06.12.34:747][  0]LogPakFile: PakFile PrimaryIndexSize=184
[2022.01.17-06.12.34:747][  0]LogPakFile: PakFile PathHashIndexSize=101
[2022.01.17-06.12.34:747][  0]LogPakFile: PakFile FullDirectoryIndexSize=142
[2022.01.17-06.12.34:747][  0]LogShaderLibrary: Display: ShaderCodeLibraryPakFileMountedCallback: PakFile 'C:/Program Files/Epic Games/UE_4.27/FeaturePacks/TP_FlyingBP.upack' (chunk index -1, root 'root:/') mounted
[2022.01.17-06.12.34:747][  0]LogShaderLibrary: Display: ShaderCodeLibraryPakFileMountedCallback: pending pak file info (ChunkID:-1 Root:root:/ File:C:/Program Files/Epic Games/UE_4.27/FeaturePacks/TP_FlyingBP.upack)
[2022.01.17-06.12.34:747][  0]LogPakFile: OnPakFileMounted2Time == 0.000042
[2022.01.17-06.12.34:754][  0]LogPakFile: PakFile PrimaryIndexSize=188
[2022.01.17-06.12.34:754][  0]LogPakFile: PakFile PathHashIndexSize=101
[2022.01.17-06.12.34:754][  0]LogPakFile: PakFile FullDirectoryIndexSize=150
[2022.01.17-06.12.34:754][  0]LogShaderLibrary: Display: ShaderCodeLibraryPakFileMountedCallback: PakFile 'C:/Program Files/Epic Games/UE_4.27/FeaturePacks/TP_HandheldARBP.upack' (chunk index -1, root 'root:/') mounted
[2022.01.17-06.12.34:754][  0]LogShaderLibrary: Display: ShaderCodeLibraryPakFileMountedCallback: pending pak file info (ChunkID:-1 Root:root:/ File:C:/Program Files/Epic Games/UE_4.27/FeaturePacks/TP_HandheldARBP.upack)
[2022.01.17-06.12.34:754][  0]LogPakFile: OnPakFileMounted2Time == 0.000044
[2022.01.17-06.12.34:767][  0]LogPakFile: PakFile PrimaryIndexSize=182
[2022.01.17-06.12.34:767][  0]LogPakFile: PakFile PathHashIndexSize=101
[2022.01.17-06.12.34:767][  0]LogPakFile: PakFile FullDirectoryIndexSize=138
[2022.01.17-06.12.34:767][  0]LogShaderLibrary: Display: ShaderCodeLibraryPakFileMountedCallback: PakFile 'C:/Program Files/Epic Games/UE_4.27/FeaturePacks/TP_Puzzle.upack' (chunk index -1, root 'root:/') mounted
[2022.01.17-06.12.34:767][  0]LogShaderLibrary: Display: ShaderCodeLibraryPakFileMountedCallback: pending pak file info (ChunkID:-1 Root:root:/ File:C:/Program Files/Epic Games/UE_4.27/FeaturePacks/TP_Puzzle.upack)
[2022.01.17-06.12.34:767][  0]LogPakFile: OnPakFileMounted2Time == 0.000045
[2022.01.17-06.12.34:774][  0]LogPakFile: PakFile PrimaryIndexSize=184
[2022.01.17-06.12.34:774][  0]LogPakFile: PakFile PathHashIndexSize=101
[2022.01.17-06.12.34:774][  0]LogPakFile: PakFile FullDirectoryIndexSize=142
[2022.01.17-06.12.34:774][  0]LogShaderLibrary: Display: ShaderCodeLibraryPakFileMountedCallback: PakFile 'C:/Program Files/Epic Games/UE_4.27/FeaturePacks/TP_PuzzleBP.upack' (chunk index -1, root 'root:/') mounted
[2022.01.17-06.12.34:775][  0]LogShaderLibrary: Display: ShaderCodeLibraryPakFileMountedCallback: pending pak file info (ChunkID:-1 Root:root:/ File:C:/Program Files/Epic Games/UE_4.27/FeaturePacks/TP_PuzzleBP.upack)
[2022.01.17-06.12.34:775][  0]LogPakFile: OnPakFileMounted2Time == 0.000094
[2022.01.17-06.12.34:785][  0]LogPakFile: PakFile PrimaryIndexSize=183
[2022.01.17-06.12.34:785][  0]LogPakFile: PakFile PathHashIndexSize=101
[2022.01.17-06.12.34:785][  0]LogPakFile: PakFile FullDirectoryIndexSize=140
[2022.01.17-06.12.34:785][  0]LogShaderLibrary: Display: ShaderCodeLibraryPakFileMountedCallback: PakFile 'C:/Program Files/Epic Games/UE_4.27/FeaturePacks/TP_Rolling.upack' (chunk index -1, root 'root:/') mounted
[2022.01.17-06.12.34:785][  0]LogShaderLibrary: Display: ShaderCodeLibraryPakFileMountedCallback: pending pak file info (ChunkID:-1 Root:root:/ File:C:/Program Files/Epic Games/UE_4.27/FeaturePacks/TP_Rolling.upack)
[2022.01.17-06.12.34:785][  0]LogPakFile: OnPakFileMounted2Time == 0.000045
[2022.01.17-06.12.34:792][  0]LogPakFile: PakFile PrimaryIndexSize=185
[2022.01.17-06.12.34:792][  0]LogPakFile: PakFile PathHashIndexSize=101
[2022.01.17-06.12.34:792][  0]LogPakFile: PakFile FullDirectoryIndexSize=144
[2022.01.17-06.12.34:792][  0]LogShaderLibrary: Display: ShaderCodeLibraryPakFileMountedCallback: PakFile 'C:/Program Files/Epic Games/UE_4.27/FeaturePacks/TP_RollingBP.upack' (chunk index -1, root 'root:/') mounted
[2022.01.17-06.12.34:792][  0]LogShaderLibrary: Display: ShaderCodeLibraryPakFileMountedCallback: pending pak file info (ChunkID:-1 Root:root:/ File:C:/Program Files/Epic Games/UE_4.27/FeaturePacks/TP_RollingBP.upack)
[2022.01.17-06.12.34:792][  0]LogPakFile: OnPakFileMounted2Time == 0.000039
[2022.01.17-06.12.34:798][  0]LogPakFile: PakFile PrimaryIndexSize=188
[2022.01.17-06.12.34:798][  0]LogPakFile: PakFile PathHashIndexSize=101
[2022.01.17-06.12.34:798][  0]LogPakFile: PakFile FullDirectoryIndexSize=150
[2022.01.17-06.12.34:798][  0]LogShaderLibrary: Display: ShaderCodeLibraryPakFileMountedCallback: PakFile 'C:/Program Files/Epic Games/UE_4.27/FeaturePacks/TP_SideScroller.upack' (chunk index -1, root 'root:/') mounted
[2022.01.17-06.12.34:798][  0]LogShaderLibrary: Display: ShaderCodeLibraryPakFileMountedCallback: pending pak file info (ChunkID:-1 Root:root:/ File:C:/Program Files/Epic Games/UE_4.27/FeaturePacks/TP_SideScroller.upack)
[2022.01.17-06.12.34:798][  0]LogPakFile: OnPakFileMounted2Time == 0.000043
[2022.01.17-06.12.34:805][  0]LogPakFile: PakFile PrimaryIndexSize=190
[2022.01.17-06.12.34:805][  0]LogPakFile: PakFile PathHashIndexSize=101
[2022.01.17-06.12.34:805][  0]LogPakFile: PakFile FullDirectoryIndexSize=154
[2022.01.17-06.12.34:805][  0]LogShaderLibrary: Display: ShaderCodeLibraryPakFileMountedCallback: PakFile 'C:/Program Files/Epic Games/UE_4.27/FeaturePacks/TP_SideScrollerBP.upack' (chunk index -1, root 'root:/') mounted
[2022.01.17-06.12.34:805][  0]LogShaderLibrary: Display: ShaderCodeLibraryPakFileMountedCallback: pending pak file info (ChunkID:-1 Root:root:/ File:C:/Program Files/Epic Games/UE_4.27/FeaturePacks/TP_SideScrollerBP.upack)
[2022.01.17-06.12.34:805][  0]LogPakFile: OnPakFileMounted2Time == 0.000042
[2022.01.17-06.12.34:812][  0]LogPakFile: PakFile PrimaryIndexSize=187
[2022.01.17-06.12.34:812][  0]LogPakFile: PakFile PathHashIndexSize=101
[2022.01.17-06.12.34:812][  0]LogPakFile: PakFile FullDirectoryIndexSize=148
[2022.01.17-06.12.34:812][  0]LogShaderLibrary: Display: ShaderCodeLibraryPakFileMountedCallback: PakFile 'C:/Program Files/Epic Games/UE_4.27/FeaturePacks/TP_ThirdPerson.upack' (chunk index -1, root 'root:/') mounted
[2022.01.17-06.12.34:812][  0]LogShaderLibrary: Display: ShaderCodeLibraryPakFileMountedCallback: pending pak file info (ChunkID:-1 Root:root:/ File:C:/Program Files/Epic Games/UE_4.27/FeaturePacks/TP_ThirdPerson.upack)
[2022.01.17-06.12.34:812][  0]LogPakFile: OnPakFileMounted2Time == 0.000041
[2022.01.17-06.12.34:819][  0]LogPakFile: PakFile PrimaryIndexSize=189
[2022.01.17-06.12.34:819][  0]LogPakFile: PakFile PathHashIndexSize=101
[2022.01.17-06.12.34:819][  0]LogPakFile: PakFile FullDirectoryIndexSize=152
[2022.01.17-06.12.34:819][  0]LogShaderLibrary: Display: ShaderCodeLibraryPakFileMountedCallback: PakFile 'C:/Program Files/Epic Games/UE_4.27/FeaturePacks/TP_ThirdPersonBP.upack' (chunk index -1, root 'root:/') mounted
[2022.01.17-06.12.34:819][  0]LogShaderLibrary: Display: ShaderCodeLibraryPakFileMountedCallback: pending pak file info (ChunkID:-1 Root:root:/ File:C:/Program Files/Epic Games/UE_4.27/FeaturePacks/TP_ThirdPersonBP.upack)
[2022.01.17-06.12.34:819][  0]LogPakFile: OnPakFileMounted2Time == 0.000050
[2022.01.17-06.12.34:826][  0]LogPakFile: PakFile PrimaryIndexSize=183
[2022.01.17-06.12.34:826][  0]LogPakFile: PakFile PathHashIndexSize=101
[2022.01.17-06.12.34:826][  0]LogPakFile: PakFile FullDirectoryIndexSize=140
[2022.01.17-06.12.34:826][  0]LogShaderLibrary: Display: ShaderCodeLibraryPakFileMountedCallback: PakFile 'C:/Program Files/Epic Games/UE_4.27/FeaturePacks/TP_TopDown.upack' (chunk index -1, root 'root:/') mounted
[2022.01.17-06.12.34:826][  0]LogShaderLibrary: Display: ShaderCodeLibraryPakFileMountedCallback: pending pak file info (ChunkID:-1 Root:root:/ File:C:/Program Files/Epic Games/UE_4.27/FeaturePacks/TP_TopDown.upack)
[2022.01.17-06.12.34:826][  0]LogPakFile: OnPakFileMounted2Time == 0.000048
[2022.01.17-06.12.34:832][  0]LogPakFile: PakFile PrimaryIndexSize=185
[2022.01.17-06.12.34:832][  0]LogPakFile: PakFile PathHashIndexSize=101
[2022.01.17-06.12.34:832][  0]LogPakFile: PakFile FullDirectoryIndexSize=144
[2022.01.17-06.12.34:832][  0]LogShaderLibrary: Display: ShaderCodeLibraryPakFileMountedCallback: PakFile 'C:/Program Files/Epic Games/UE_4.27/FeaturePacks/TP_TopDownBP.upack' (chunk index -1, root 'root:/') mounted
[2022.01.17-06.12.34:832][  0]LogShaderLibrary: Display: ShaderCodeLibraryPakFileMountedCallback: pending pak file info (ChunkID:-1 Root:root:/ File:C:/Program Files/Epic Games/UE_4.27/FeaturePacks/TP_TopDownBP.upack)
[2022.01.17-06.12.34:832][  0]LogPakFile: OnPakFileMounted2Time == 0.000061
[2022.01.17-06.12.34:888][  0]LogPakFile: PakFile PrimaryIndexSize=185
[2022.01.17-06.12.34:888][  0]LogPakFile: PakFile PathHashIndexSize=101
[2022.01.17-06.12.34:888][  0]LogPakFile: PakFile FullDirectoryIndexSize=144
[2022.01.17-06.12.34:888][  0]LogShaderLibrary: Display: ShaderCodeLibraryPakFileMountedCallback: PakFile 'C:/Program Files/Epic Games/UE_4.27/FeaturePacks/TP_TwinStick.upack' (chunk index -1, root 'root:/') mounted
[2022.01.17-06.12.34:888][  0]LogShaderLibrary: Display: ShaderCodeLibraryPakFileMountedCallback: pending pak file info (ChunkID:-1 Root:root:/ File:C:/Program Files/Epic Games/UE_4.27/FeaturePacks/TP_TwinStick.upack)
[2022.01.17-06.12.34:888][  0]LogPakFile: OnPakFileMounted2Time == 0.000073
[2022.01.17-06.12.34:895][  0]LogPakFile: PakFile PrimaryIndexSize=187
[2022.01.17-06.12.34:895][  0]LogPakFile: PakFile PathHashIndexSize=101
[2022.01.17-06.12.34:895][  0]LogPakFile: PakFile FullDirectoryIndexSize=148
[2022.01.17-06.12.34:895][  0]LogShaderLibrary: Display: ShaderCodeLibraryPakFileMountedCallback: PakFile 'C:/Program Files/Epic Games/UE_4.27/FeaturePacks/TP_TwinStickBP.upack' (chunk index -1, root 'root:/') mounted
[2022.01.17-06.12.34:895][  0]LogShaderLibrary: Display: ShaderCodeLibraryPakFileMountedCallback: pending pak file info (ChunkID:-1 Root:root:/ File:C:/Program Files/Epic Games/UE_4.27/FeaturePacks/TP_TwinStickBP.upack)
[2022.01.17-06.12.34:895][  0]LogPakFile: OnPakFileMounted2Time == 0.000065
[2022.01.17-06.12.34:902][  0]LogPakFile: PakFile PrimaryIndexSize=183
[2022.01.17-06.12.34:902][  0]LogPakFile: PakFile PathHashIndexSize=101
[2022.01.17-06.12.34:902][  0]LogPakFile: PakFile FullDirectoryIndexSize=140
[2022.01.17-06.12.34:902][  0]LogShaderLibrary: Display: ShaderCodeLibraryPakFileMountedCallback: PakFile 'C:/Program Files/Epic Games/UE_4.27/FeaturePacks/TP_Vehicle.upack' (chunk index -1, root 'root:/') mounted
[2022.01.17-06.12.34:902][  0]LogShaderLibrary: Display: ShaderCodeLibraryPakFileMountedCallback: pending pak file info (ChunkID:-1 Root:root:/ File:C:/Program Files/Epic Games/UE_4.27/FeaturePacks/TP_Vehicle.upack)
[2022.01.17-06.12.34:902][  0]LogPakFile: OnPakFileMounted2Time == 0.000069
[2022.01.17-06.12.34:909][  0]LogPakFile: PakFile PrimaryIndexSize=186
[2022.01.17-06.12.34:909][  0]LogPakFile: PakFile PathHashIndexSize=101
[2022.01.17-06.12.34:909][  0]LogPakFile: PakFile FullDirectoryIndexSize=146
[2022.01.17-06.12.34:909][  0]LogShaderLibrary: Display: ShaderCodeLibraryPakFileMountedCallback: PakFile 'C:/Program Files/Epic Games/UE_4.27/FeaturePacks/TP_VehicleAdv.upack' (chunk index -1, root 'root:/') mounted
[2022.01.17-06.12.34:909][  0]LogShaderLibrary: Display: ShaderCodeLibraryPakFileMountedCallback: pending pak file info (ChunkID:-1 Root:root:/ File:C:/Program Files/Epic Games/UE_4.27/FeaturePacks/TP_VehicleAdv.upack)
[2022.01.17-06.12.34:909][  0]LogPakFile: OnPakFileMounted2Time == 0.000035
[2022.01.17-06.12.34:917][  0]LogPakFile: PakFile PrimaryIndexSize=188
[2022.01.17-06.12.34:917][  0]LogPakFile: PakFile PathHashIndexSize=101
[2022.01.17-06.12.34:917][  0]LogPakFile: PakFile FullDirectoryIndexSize=150
[2022.01.17-06.12.34:917][  0]LogShaderLibrary: Display: ShaderCodeLibraryPakFileMountedCallback: PakFile 'C:/Program Files/Epic Games/UE_4.27/FeaturePacks/TP_VehicleAdvBP.upack' (chunk index -1, root 'root:/') mounted
[2022.01.17-06.12.34:917][  0]LogShaderLibrary: Display: ShaderCodeLibraryPakFileMountedCallback: pending pak file info (ChunkID:-1 Root:root:/ File:C:/Program Files/Epic Games/UE_4.27/FeaturePacks/TP_VehicleAdvBP.upack)
[2022.01.17-06.12.34:917][  0]LogPakFile: OnPakFileMounted2Time == 0.000048
[2022.01.17-06.12.34:924][  0]LogPakFile: PakFile PrimaryIndexSize=185
[2022.01.17-06.12.34:924][  0]LogPakFile: PakFile PathHashIndexSize=101
[2022.01.17-06.12.34:924][  0]LogPakFile: PakFile FullDirectoryIndexSize=144
[2022.01.17-06.12.34:924][  0]LogShaderLibrary: Display: ShaderCodeLibraryPakFileMountedCallback: PakFile 'C:/Program Files/Epic Games/UE_4.27/FeaturePacks/TP_VehicleBP.upack' (chunk index -1, root 'root:/') mounted
[2022.01.17-06.12.34:924][  0]LogShaderLibrary: Display: ShaderCodeLibraryPakFileMountedCallback: pending pak file info (ChunkID:-1 Root:root:/ File:C:/Program Files/Epic Games/UE_4.27/FeaturePacks/TP_VehicleBP.upack)
[2022.01.17-06.12.34:924][  0]LogPakFile: OnPakFileMounted2Time == 0.000043
[2022.01.17-06.12.34:933][  0]LogPakFile: PakFile PrimaryIndexSize=192
[2022.01.17-06.12.34:933][  0]LogPakFile: PakFile PathHashIndexSize=101
[2022.01.17-06.12.34:933][  0]LogPakFile: PakFile FullDirectoryIndexSize=158
[2022.01.17-06.12.34:933][  0]LogShaderLibrary: Display: ShaderCodeLibraryPakFileMountedCallback: PakFile 'C:/Program Files/Epic Games/UE_4.27/FeaturePacks/TP_VirtualRealityBP.upack' (chunk index -1, root 'root:/') mounted
[2022.01.17-06.12.34:933][  0]LogShaderLibrary: Display: ShaderCodeLibraryPakFileMountedCallback: pending pak file info (ChunkID:-1 Root:root:/ File:C:/Program Files/Epic Games/UE_4.27/FeaturePacks/TP_VirtualRealityBP.upack)
[2022.01.17-06.12.34:933][  0]LogPakFile: OnPakFileMounted2Time == 0.000093
[2022.01.17-06.12.35:124][  0]LogNativeClassHierarchy: Verbose: Native class hierarchy updated for 'AddContentDialog' in 0.0003 seconds. Added 0 classes and 0 folders.
[2022.01.17-06.12.35:136][  0]LogNativeClassHierarchy: Verbose: Native class hierarchy updated for 'SceneOutliner' in 0.0002 seconds. Added 2 classes and 0 folders.
[2022.01.17-06.12.35:269][  0]LogSlate: Took 0.000178 seconds to synchronously load lazily loaded font '../../../Engine/Content/Slate/Fonts/Roboto-Regular.ttf' (155K)
[2022.01.17-06.12.35:277][  0]LogSlate: Took 0.006641 seconds to synchronously load lazily loaded font '../../../Engine/Content/Editor/Slate/Fonts/FontAwesome.ttf' (139K)
[2022.01.17-06.12.35:278][  0]LogSlate: Took 0.000180 seconds to synchronously load lazily loaded font '../../../Engine/Content/Slate/Fonts/Roboto-Bold.ttf' (160K)
[2022.01.17-06.12.35:430][  0]LogRenderer: Reallocating scene render targets to support 1172x596 Format 10 NumSamples 1 (Frame:1).
[2022.01.17-06.12.35:541][  0]LogNativeClassHierarchy: Verbose: Native class hierarchy updated for 'HierarchicalLODOutliner' in 0.0003 seconds. Added 0 classes and 0 folders.
[2022.01.17-06.12.35:542][  0]LogLoad: (Engine Initialization) Total time: 9.17 seconds
[2022.01.17-06.12.35:542][  0]LogLoad: (Engine Initialization) Total Blueprint compile time: 0.00 seconds
[2022.01.17-06.12.35:595][  0]LogAssetRegistry: Asset discovery search completed in 5.8818 seconds
[2022.01.17-06.12.35:602][  0]LogCollectionManager: Fixed up redirectors for 0 collections in 0.000004 seconds (updated 0 objects)
[2022.01.17-06.12.35:608][  0]LogContentStreaming: Texture pool size now 1000 MB
[2022.01.17-06.12.35:680][  2]LogSlate: Took 0.007262 seconds to synchronously load lazily loaded font '../../../Engine/Content/Slate/Fonts/Roboto-Light.ttf' (167K)
[2022.01.17-06.12.36:561][108]LogSlate: Took 0.000261 seconds to synchronously load lazily loaded font '../../../Engine/Content/Slate/Fonts/Roboto-Light.ttf' (167K)
[2022.01.17-06.12.41:118][545]LogAssetEditorSubsystem: Opening Asset editor for Blueprint /Game/MiraJuanUnToro/Contenidos/HUD/Player_HUD.Player_HUD
[2022.01.17-06.12.41:740][545]LogNativeClassHierarchy: Verbose: Native class hierarchy updated for 'BlueprintGraph' in 0.0006 seconds. Added 126 classes and 0 folders.
[2022.01.17-06.12.42:628][545]LogAssetEditorSubsystem: Opening Asset editor for Blueprint /Game/FirstPersonBP/Blueprints/FirstPersonCharacter.FirstPersonCharacter
[2022.01.17-06.12.42:960][545]LogAssetEditorSubsystem: Opening Asset editor for WidgetBlueprint /Game/MiraJuanUnToro/Contenidos/HUD/HUD_Widget.HUD_Widget
[2022.01.17-06.12.43:399][545]LogAssetEditorSubsystem: Opening Asset editor for Blueprint /Game/MiraJuanUnToro/Contenidos/Prueba_vidas/pincho.pincho
[2022.01.17-06.12.43:763][545]LogBlueprint: Warning: [AssetLog] C:\Users\edson\Documents\Unreal Projects\IDV\Content\MiraJuanUnToro\Contenidos\prueba_coche\coche_movimiento.uasset: [Compiler] On Component Begin Overlap (ewr)  does not have a valid matching component!
[2022.01.17-06.12.43:774][545]LogAssetEditorSubsystem: Opening Asset editor for Blueprint /Game/MiraJuanUnToro/Contenidos/prueba_coche/coche_movimiento.coche_movimiento
[2022.01.17-06.12.44:476][545]LogSlate: Took 0.000249 seconds to synchronously load lazily loaded font '../../../Engine/Content/Slate/Fonts/Roboto-BoldCondensed.ttf' (158K)
[2022.01.17-06.12.44:515][545]LogSlate: Took 0.006741 seconds to synchronously load lazily loaded font '../../../Engine/Content/Slate/Fonts/DroidSansMono.ttf' (77K)
[2022.01.17-06.12.47:939][867]LogSlate: Window 'pincho' being destroyed
[2022.01.17-06.12.58:642][ 22]LogUObjectHash: Compacting FUObjectHashTables data took   5.99ms
[2022.01.17-06.12.58:739][ 22]LogAssetEditorSubsystem: Opening Asset editor for World /Game/MiraJuanUnToro/Niveles/Nivel.Nivel
[2022.01.17-06.12.58:739][ 22]Cmd: MAP LOAD FILE="../../../../../../Users/edson/Documents/Unreal Projects/IDV/Content/MiraJuanUnToro/Niveles/Nivel.umap" TEMPLATE=0 SHOWPROGRESS=1 FEATURELEVEL=3
[2022.01.17-06.12.58:739][ 22]LightingResults: New page: Lighting Build
[2022.01.17-06.12.58:739][ 22]LoadErrors: New page: Loading map: Nivel.umap
[2022.01.17-06.12.58:741][ 22]LogWorld: UWorld::CleanupWorld for MainMenu, bSessionEnded=true, bCleanupResources=true
[2022.01.17-06.12.58:741][ 22]LogSlate: InvalidateAllWidgets triggered.  All widgets were invalidated
[2022.01.17-06.12.58:741][ 22]MapCheck: New page: Map Check
[2022.01.17-06.12.58:741][ 22]LightingResults: New page: Lighting Build
[2022.01.17-06.12.58:772][ 22]LogAudio: Display: Audio Device unregistered from world 'None'.
[2022.01.17-06.12.58:778][ 22]LogUObjectHash: Compacting FUObjectHashTables data took   4.42ms
[2022.01.17-06.12.58:779][ 22]LogAudio: Display: Audio Device (ID: 1) registered with world 'Nivel'.
[2022.01.17-06.12.58:869][ 22]LogEditorServer: Finished looking for orphan Actors (0.000 secs)
[2022.01.17-06.12.58:869][ 22]LogAIModule: Creating AISystem for world Nivel
[2022.01.17-06.12.58:905][ 22]LogUObjectHash: Compacting FUObjectHashTables data took   2.75ms
[2022.01.17-06.12.58:914][ 22]Cmd: MAP CHECKDEP NOCLEARLOG
[2022.01.17-06.12.58:914][ 22]MapCheck: Map check complete: 0 Error(s), 0 Warning(s), took 0,117ms to complete.
[2022.01.17-06.12.58:914][ 22]LogFileHelpers: Loading map 'Nivel' took 0.175
[2022.01.17-06.41.19:240][987]LogSlate: Took 0.008710 seconds to synchronously load lazily loaded font '../../../Engine/Content/Slate/Fonts/Roboto-Italic.ttf' (157K)
[2022.01.17-06.41.32:988][554]LogUObjectHash: Compacting FUObjectHashTables data took   1.09ms
[2022.01.17-06.41.33:038][554]LogAssetEditorSubsystem: Opening Asset editor for World /Game/MiraJuanUnToro/Niveles/prueba_mecanicas.prueba_mecanicas
[2022.01.17-06.41.33:038][554]Cmd: MAP LOAD FILE="../../../../../../Users/edson/Documents/Unreal Projects/IDV/Content/MiraJuanUnToro/Niveles/prueba_mecanicas.umap" TEMPLATE=0 SHOWPROGRESS=1 FEATURELEVEL=3
[2022.01.17-06.41.33:038][554]LightingResults: New page: Lighting Build
[2022.01.17-06.41.33:038][554]LoadErrors: New page: Loading map: prueba_mecanicas.umap
[2022.01.17-06.41.33:080][554]LogWorld: UWorld::CleanupWorld for Nivel, bSessionEnded=true, bCleanupResources=true
[2022.01.17-06.41.33:080][554]LogSlate: InvalidateAllWidgets triggered.  All widgets were invalidated
[2022.01.17-06.41.33:080][554]MapCheck: New page: Map Check
[2022.01.17-06.41.33:080][554]LightingResults: New page: Lighting Build
[2022.01.17-06.41.33:111][554]LogAudio: Display: Audio Device unregistered from world 'None'.
[2022.01.17-06.41.33:116][554]LogUObjectHash: Compacting FUObjectHashTables data took   3.05ms
[2022.01.17-06.41.33:116][554]LogAudio: Display: Audio Device (ID: 1) registered with world 'prueba_mecanicas'.
[2022.01.17-06.41.33:210][554]LogEditorServer: Finished looking for orphan Actors (0.000 secs)
[2022.01.17-06.41.33:211][554]LogAIModule: Creating AISystem for world prueba_mecanicas
[2022.01.17-06.41.33:247][554]LogUObjectHash: Compacting FUObjectHashTables data took   2.81ms
[2022.01.17-06.41.33:251][554]Cmd: MAP CHECKDEP NOCLEARLOG
[2022.01.17-06.41.33:251][554]MapCheck: Map check complete: 0 Error(s), 0 Warning(s), took 0,13ms to complete.
[2022.01.17-06.41.33:251][554]LogFileHelpers: Loading map 'prueba_mecanicas' took 0.213
